{"/home/charles/Desktop/Nodejs/E-wallet/src/app.ts": {"path":"/home/charles/Desktop/Nodejs/E-wallet/src/app.ts","statementMap":{"0":{"start":{"line":1,"column":0},"end":{"line":1,"column":30}},"1":{"start":{"line":2,"column":0},"end":{"line":2,"column":24}},"2":{"start":{"line":3,"column":0},"end":{"line":3,"column":27}},"3":{"start":{"line":5,"column":0},"end":{"line":5,"column":46}},"4":{"start":{"line":6,"column":0},"end":{"line":6,"column":44}},"5":{"start":{"line":7,"column":0},"end":{"line":7,"column":43}},"6":{"start":{"line":9,"column":29},"end":{"line":9,"column":38}},"7":{"start":{"line":11,"column":0},"end":{"line":11,"column":51}},"8":{"start":{"line":12,"column":0},"end":{"line":12,"column":30}},"9":{"start":{"line":13,"column":0},"end":{"line":13,"column":null}},"10":{"start":{"line":16,"column":0},"end":{"line":16,"column":42}},"11":{"start":{"line":17,"column":0},"end":{"line":17,"column":24}},"12":{"start":{"line":18,"column":0},"end":{"line":18,"column":49}},"13":{"start":{"line":20,"column":0},"end":{"line":20,"column":28}},"14":{"start":{"line":21,"column":0},"end":{"line":21,"column":27}},"15":{"start":{"line":22,"column":0},"end":{"line":22,"column":27}},"16":{"start":{"line":25,"column":0},"end":{"line":30,"column":3}},"17":{"start":{"line":26,"column":2},"end":{"line":29,"column":5}},"18":{"start":{"line":32,"column":0},"end":{"line":32,"column":19}}},"fnMap":{"0":{"name":"(anonymous_1)","decl":{"start":{"line":25,"column":8},"end":{"line":25,"column":9}},"loc":{"start":{"line":25,"column":18},"end":{"line":30,"column":1}}}},"branchMap":{"0":{"loc":{"start":{"line":16,"column":16},"end":{"line":16,"column":32}},"type":"binary-expr","locations":[{"start":{"line":16,"column":16},"end":{"line":16,"column":32}},{"start":{"line":16,"column":36},"end":{"line":16,"column":40}}]}},"s":{"0":1,"1":1,"2":1,"3":1,"4":1,"5":1,"6":1,"7":1,"8":1,"9":1,"10":1,"11":1,"12":1,"13":1,"14":1,"15":1,"16":1,"17":0,"18":1},"f":{"0":0},"b":{"0":[1,1]}}
,"/home/charles/Desktop/Nodejs/E-wallet/src/controllers/card.controller.ts": {"path":"/home/charles/Desktop/Nodejs/E-wallet/src/controllers/card.controller.ts","statementMap":{"0":{"start":{"line":1,"column":0},"end":{"line":1,"column":42}},"1":{"start":{"line":4,"column":0},"end":{"line":4,"column":89}},"2":{"start":{"line":5,"column":0},"end":{"line":5,"column":46}},"3":{"start":{"line":7,"column":0},"end":{"line":7,"column":37}},"4":{"start":{"line":8,"column":15},"end":{"line":8,"column":33}},"5":{"start":{"line":18,"column":10},"end":{"line":18,"column":12}},"6":{"start":{"line":27,"column":36},"end":{"line":96,"column":2}},"7":{"start":{"line":27,"column":91},"end":{"line":96,"column":2}},"8":{"start":{"line":28,"column":8},"end":{"line":37,"column":5}},"9":{"start":{"line":39,"column":8},"end":{"line":43,"column":5}},"10":{"start":{"line":44,"column":2},"end":{"line":50,"column":null}},"11":{"start":{"line":45,"column":4},"end":{"line":49,"column":6}},"12":{"start":{"line":54,"column":4},"end":{"line":82,"column":7}},"13":{"start":{"line":54,"column":43},"end":{"line":82,"column":6}},"14":{"start":{"line":55,"column":21},"end":{"line":55,"column":null}},"15":{"start":{"line":55,"column":12},"end":{"line":55,"column":null}},"16":{"start":{"line":57,"column":6},"end":{"line":64,"column":null}},"17":{"start":{"line":58,"column":8},"end":{"line":63,"column":10}},"18":{"start":{"line":65,"column":6},"end":{"line":72,"column":null}},"19":{"start":{"line":66,"column":8},"end":{"line":71,"column":null}},"20":{"start":{"line":74,"column":6},"end":{"line":80,"column":null}},"21":{"start":{"line":75,"column":8},"end":{"line":79,"column":10}},"22":{"start":{"line":83,"column":4},"end":{"line":84,"column":null}},"23":{"start":{"line":87,"column":4},"end":{"line":87,"column":24}},"24":{"start":{"line":88,"column":4},"end":{"line":88,"column":23}},"25":{"start":{"line":90,"column":4},"end":{"line":94,"column":6}},"26":{"start":{"line":27,"column":13},"end":{"line":27,"column":36}},"27":{"start":{"line":105,"column":35},"end":{"line":151,"column":2}},"28":{"start":{"line":105,"column":72},"end":{"line":151,"column":2}},"29":{"start":{"line":106,"column":8},"end":{"line":109,"column":5}},"30":{"start":{"line":111,"column":8},"end":{"line":114,"column":5}},"31":{"start":{"line":115,"column":2},"end":{"line":121,"column":null}},"32":{"start":{"line":116,"column":4},"end":{"line":120,"column":6}},"33":{"start":{"line":125,"column":4},"end":{"line":142,"column":7}},"34":{"start":{"line":125,"column":43},"end":{"line":142,"column":6}},"35":{"start":{"line":126,"column":21},"end":{"line":126,"column":null}},"36":{"start":{"line":126,"column":12},"end":{"line":126,"column":null}},"37":{"start":{"line":127,"column":6},"end":{"line":133,"column":null}},"38":{"start":{"line":128,"column":8},"end":{"line":132,"column":10}},"39":{"start":{"line":134,"column":6},"end":{"line":140,"column":null}},"40":{"start":{"line":135,"column":8},"end":{"line":139,"column":10}},"41":{"start":{"line":144,"column":4},"end":{"line":144,"column":24}},"42":{"start":{"line":145,"column":4},"end":{"line":149,"column":6}},"43":{"start":{"line":105,"column":13},"end":{"line":105,"column":35}},"44":{"start":{"line":156,"column":35},"end":{"line":202,"column":2}},"45":{"start":{"line":156,"column":72},"end":{"line":202,"column":2}},"46":{"start":{"line":157,"column":8},"end":{"line":160,"column":5}},"47":{"start":{"line":162,"column":8},"end":{"line":165,"column":5}},"48":{"start":{"line":166,"column":2},"end":{"line":172,"column":null}},"49":{"start":{"line":167,"column":4},"end":{"line":171,"column":6}},"50":{"start":{"line":176,"column":4},"end":{"line":192,"column":7}},"51":{"start":{"line":176,"column":43},"end":{"line":192,"column":6}},"52":{"start":{"line":177,"column":21},"end":{"line":177,"column":null}},"53":{"start":{"line":177,"column":12},"end":{"line":177,"column":null}},"54":{"start":{"line":178,"column":6},"end":{"line":184,"column":null}},"55":{"start":{"line":179,"column":8},"end":{"line":183,"column":10}},"56":{"start":{"line":185,"column":6},"end":{"line":191,"column":null}},"57":{"start":{"line":186,"column":8},"end":{"line":190,"column":10}},"58":{"start":{"line":195,"column":4},"end":{"line":195,"column":24}},"59":{"start":{"line":196,"column":4},"end":{"line":200,"column":6}},"60":{"start":{"line":156,"column":13},"end":{"line":156,"column":35}},"61":{"start":{"line":205,"column":37},"end":{"line":244,"column":2}},"62":{"start":{"line":205,"column":76},"end":{"line":244,"column":2}},"63":{"start":{"line":206,"column":8},"end":{"line":209,"column":5}},"64":{"start":{"line":211,"column":8},"end":{"line":214,"column":5}},"65":{"start":{"line":215,"column":2},"end":{"line":221,"column":null}},"66":{"start":{"line":216,"column":4},"end":{"line":220,"column":6}},"67":{"start":{"line":225,"column":4},"end":{"line":234,"column":7}},"68":{"start":{"line":225,"column":43},"end":{"line":234,"column":6}},"69":{"start":{"line":226,"column":21},"end":{"line":226,"column":null}},"70":{"start":{"line":226,"column":12},"end":{"line":226,"column":null}},"71":{"start":{"line":227,"column":6},"end":{"line":233,"column":null}},"72":{"start":{"line":228,"column":8},"end":{"line":232,"column":10}},"73":{"start":{"line":237,"column":4},"end":{"line":237,"column":24}},"74":{"start":{"line":238,"column":4},"end":{"line":242,"column":6}},"75":{"start":{"line":205,"column":13},"end":{"line":205,"column":37}}},"fnMap":{"0":{"name":"(anonymous_16)","decl":{"start":{"line":27,"column":36},"end":{"line":27,"column":43}},"loc":{"start":{"line":27,"column":91},"end":{"line":96,"column":2}}},"1":{"name":"(anonymous_17)","decl":{"start":{"line":27,"column":91},"end":{"line":27,"column":null}},"loc":{"start":{"line":27,"column":91},"end":{"line":96,"column":2}}},"2":{"name":"(anonymous_19)","decl":{"start":{"line":54,"column":30},"end":{"line":54,"column":37}},"loc":{"start":{"line":54,"column":43},"end":{"line":82,"column":6}}},"3":{"name":"(anonymous_20)","decl":{"start":{"line":54,"column":43},"end":{"line":54,"column":null}},"loc":{"start":{"line":54,"column":43},"end":{"line":82,"column":6}}},"4":{"name":"(anonymous_22)","decl":{"start":{"line":105,"column":35},"end":{"line":105,"column":42}},"loc":{"start":{"line":105,"column":72},"end":{"line":151,"column":2}}},"5":{"name":"(anonymous_23)","decl":{"start":{"line":105,"column":72},"end":{"line":105,"column":null}},"loc":{"start":{"line":105,"column":72},"end":{"line":151,"column":2}}},"6":{"name":"(anonymous_25)","decl":{"start":{"line":125,"column":30},"end":{"line":125,"column":37}},"loc":{"start":{"line":125,"column":43},"end":{"line":142,"column":6}}},"7":{"name":"(anonymous_26)","decl":{"start":{"line":125,"column":43},"end":{"line":125,"column":null}},"loc":{"start":{"line":125,"column":43},"end":{"line":142,"column":6}}},"8":{"name":"(anonymous_28)","decl":{"start":{"line":156,"column":35},"end":{"line":156,"column":42}},"loc":{"start":{"line":156,"column":72},"end":{"line":202,"column":2}}},"9":{"name":"(anonymous_29)","decl":{"start":{"line":156,"column":72},"end":{"line":156,"column":null}},"loc":{"start":{"line":156,"column":72},"end":{"line":202,"column":2}}},"10":{"name":"(anonymous_31)","decl":{"start":{"line":176,"column":30},"end":{"line":176,"column":37}},"loc":{"start":{"line":176,"column":43},"end":{"line":192,"column":6}}},"11":{"name":"(anonymous_32)","decl":{"start":{"line":176,"column":43},"end":{"line":176,"column":null}},"loc":{"start":{"line":176,"column":43},"end":{"line":192,"column":6}}},"12":{"name":"(anonymous_34)","decl":{"start":{"line":205,"column":37},"end":{"line":205,"column":44}},"loc":{"start":{"line":205,"column":76},"end":{"line":244,"column":2}}},"13":{"name":"(anonymous_35)","decl":{"start":{"line":205,"column":76},"end":{"line":205,"column":null}},"loc":{"start":{"line":205,"column":76},"end":{"line":244,"column":2}}},"14":{"name":"(anonymous_37)","decl":{"start":{"line":225,"column":30},"end":{"line":225,"column":37}},"loc":{"start":{"line":225,"column":43},"end":{"line":234,"column":6}}},"15":{"name":"(anonymous_38)","decl":{"start":{"line":225,"column":43},"end":{"line":225,"column":null}},"loc":{"start":{"line":225,"column":43},"end":{"line":234,"column":6}}}},"branchMap":{"0":{"loc":{"start":{"line":44,"column":2},"end":{"line":50,"column":null}},"type":"if","locations":[{"start":{"line":44,"column":2},"end":{"line":50,"column":null}},{"start":{"line":44,"column":2},"end":{"line":50,"column":null}}]},"1":{"loc":{"start":{"line":55,"column":21},"end":{"line":55,"column":null}},"type":"switch","locations":[{"start":{"line":55,"column":21},"end":{"line":55,"column":null}}]},"2":{"loc":{"start":{"line":57,"column":6},"end":{"line":64,"column":null}},"type":"if","locations":[{"start":{"line":57,"column":6},"end":{"line":64,"column":null}},{"start":{"line":57,"column":6},"end":{"line":64,"column":null}}]},"3":{"loc":{"start":{"line":65,"column":6},"end":{"line":72,"column":null}},"type":"if","locations":[{"start":{"line":65,"column":6},"end":{"line":72,"column":null}},{"start":{"line":65,"column":6},"end":{"line":72,"column":null}}]},"4":{"loc":{"start":{"line":74,"column":6},"end":{"line":80,"column":null}},"type":"if","locations":[{"start":{"line":74,"column":6},"end":{"line":80,"column":null}},{"start":{"line":74,"column":6},"end":{"line":80,"column":null}}]},"5":{"loc":{"start":{"line":115,"column":2},"end":{"line":121,"column":null}},"type":"if","locations":[{"start":{"line":115,"column":2},"end":{"line":121,"column":null}},{"start":{"line":115,"column":2},"end":{"line":121,"column":null}}]},"6":{"loc":{"start":{"line":126,"column":21},"end":{"line":126,"column":null}},"type":"switch","locations":[{"start":{"line":126,"column":21},"end":{"line":126,"column":null}}]},"7":{"loc":{"start":{"line":127,"column":6},"end":{"line":133,"column":null}},"type":"if","locations":[{"start":{"line":127,"column":6},"end":{"line":133,"column":null}},{"start":{"line":127,"column":6},"end":{"line":133,"column":null}}]},"8":{"loc":{"start":{"line":127,"column":16},"end":{"line":127,"column":18}},"type":"cond-expr","locations":[{"start":{"line":127,"column":16},"end":{"line":127,"column":18}},{"start":{"line":127,"column":10},"end":{"line":127,"column":28}}]},"9":{"loc":{"start":{"line":127,"column":10},"end":{"line":127,"column":18}},"type":"binary-expr","locations":[{"start":{"line":127,"column":10},"end":{"line":127,"column":18}},{"start":{"line":127,"column":10},"end":{"line":127,"column":18}}]},"10":{"loc":{"start":{"line":134,"column":6},"end":{"line":140,"column":null}},"type":"if","locations":[{"start":{"line":134,"column":6},"end":{"line":140,"column":null}},{"start":{"line":134,"column":6},"end":{"line":140,"column":null}}]},"11":{"loc":{"start":{"line":134,"column":17},"end":{"line":134,"column":19}},"type":"cond-expr","locations":[{"start":{"line":134,"column":17},"end":{"line":134,"column":19}},{"start":{"line":134,"column":11},"end":{"line":134,"column":26}}]},"12":{"loc":{"start":{"line":134,"column":11},"end":{"line":134,"column":19}},"type":"binary-expr","locations":[{"start":{"line":134,"column":11},"end":{"line":134,"column":19}},{"start":{"line":134,"column":11},"end":{"line":134,"column":19}}]},"13":{"loc":{"start":{"line":166,"column":2},"end":{"line":172,"column":null}},"type":"if","locations":[{"start":{"line":166,"column":2},"end":{"line":172,"column":null}},{"start":{"line":166,"column":2},"end":{"line":172,"column":null}}]},"14":{"loc":{"start":{"line":177,"column":21},"end":{"line":177,"column":null}},"type":"switch","locations":[{"start":{"line":177,"column":21},"end":{"line":177,"column":null}}]},"15":{"loc":{"start":{"line":178,"column":6},"end":{"line":184,"column":null}},"type":"if","locations":[{"start":{"line":178,"column":6},"end":{"line":184,"column":null}},{"start":{"line":178,"column":6},"end":{"line":184,"column":null}}]},"16":{"loc":{"start":{"line":178,"column":16},"end":{"line":178,"column":18}},"type":"cond-expr","locations":[{"start":{"line":178,"column":16},"end":{"line":178,"column":18}},{"start":{"line":178,"column":10},"end":{"line":178,"column":28}}]},"17":{"loc":{"start":{"line":178,"column":10},"end":{"line":178,"column":18}},"type":"binary-expr","locations":[{"start":{"line":178,"column":10},"end":{"line":178,"column":18}},{"start":{"line":178,"column":10},"end":{"line":178,"column":18}}]},"18":{"loc":{"start":{"line":185,"column":6},"end":{"line":191,"column":null}},"type":"if","locations":[{"start":{"line":185,"column":6},"end":{"line":191,"column":null}},{"start":{"line":185,"column":6},"end":{"line":191,"column":null}}]},"19":{"loc":{"start":{"line":185,"column":17},"end":{"line":185,"column":19}},"type":"cond-expr","locations":[{"start":{"line":185,"column":17},"end":{"line":185,"column":19}},{"start":{"line":185,"column":11},"end":{"line":185,"column":26}}]},"20":{"loc":{"start":{"line":185,"column":11},"end":{"line":185,"column":19}},"type":"binary-expr","locations":[{"start":{"line":185,"column":11},"end":{"line":185,"column":19}},{"start":{"line":185,"column":11},"end":{"line":185,"column":19}}]},"21":{"loc":{"start":{"line":215,"column":2},"end":{"line":221,"column":null}},"type":"if","locations":[{"start":{"line":215,"column":2},"end":{"line":221,"column":null}},{"start":{"line":215,"column":2},"end":{"line":221,"column":null}}]},"22":{"loc":{"start":{"line":226,"column":21},"end":{"line":226,"column":null}},"type":"switch","locations":[{"start":{"line":226,"column":21},"end":{"line":226,"column":null}}]},"23":{"loc":{"start":{"line":227,"column":6},"end":{"line":233,"column":null}},"type":"if","locations":[{"start":{"line":227,"column":6},"end":{"line":233,"column":null}},{"start":{"line":227,"column":6},"end":{"line":233,"column":null}}]},"24":{"loc":{"start":{"line":227,"column":17},"end":{"line":227,"column":19}},"type":"cond-expr","locations":[{"start":{"line":227,"column":17},"end":{"line":227,"column":19}},{"start":{"line":227,"column":11},"end":{"line":227,"column":26}}]},"25":{"loc":{"start":{"line":227,"column":11},"end":{"line":227,"column":19}},"type":"binary-expr","locations":[{"start":{"line":227,"column":11},"end":{"line":227,"column":19}},{"start":{"line":227,"column":11},"end":{"line":227,"column":19}}]}},"s":{"0":1,"1":1,"2":1,"3":1,"4":1,"5":1,"6":1,"7":0,"8":0,"9":0,"10":0,"11":0,"12":0,"13":0,"14":0,"15":0,"16":0,"17":0,"18":0,"19":0,"20":0,"21":0,"22":0,"23":0,"24":0,"25":0,"26":1,"27":1,"28":0,"29":0,"30":0,"31":0,"32":0,"33":0,"34":0,"35":0,"36":0,"37":0,"38":0,"39":0,"40":0,"41":0,"42":0,"43":1,"44":1,"45":0,"46":0,"47":0,"48":0,"49":0,"50":0,"51":0,"52":0,"53":0,"54":0,"55":0,"56":0,"57":0,"58":0,"59":0,"60":1,"61":1,"62":0,"63":0,"64":0,"65":0,"66":0,"67":0,"68":0,"69":0,"70":0,"71":0,"72":0,"73":0,"74":0,"75":1},"f":{"0":0,"1":0,"2":0,"3":0,"4":0,"5":0,"6":0,"7":0,"8":0,"9":0,"10":0,"11":0,"12":0,"13":0,"14":0,"15":0},"b":{"0":[0,0],"1":[0],"2":[0,0],"3":[0,0],"4":[0,0],"5":[0,0],"6":[0],"7":[0,0],"8":[0,0],"9":[0,0],"10":[0,0],"11":[0,0],"12":[0,0],"13":[0,0],"14":[0],"15":[0,0],"16":[0,0],"17":[0,0],"18":[0,0],"19":[0,0],"20":[0,0],"21":[0,0],"22":[0],"23":[0,0],"24":[0,0],"25":[0,0]}}
,"/home/charles/Desktop/Nodejs/E-wallet/src/controllers/p2p.controller.ts": {"path":"/home/charles/Desktop/Nodejs/E-wallet/src/controllers/p2p.controller.ts","statementMap":{"0":{"start":{"line":1,"column":0},"end":{"line":1,"column":21}},"1":{"start":{"line":2,"column":0},"end":{"line":2,"column":64}},"2":{"start":{"line":3,"column":0},"end":{"line":3,"column":46}},"3":{"start":{"line":4,"column":0},"end":{"line":4,"column":37}},"4":{"start":{"line":5,"column":0},"end":{"line":5,"column":79}},"5":{"start":{"line":6,"column":15},"end":{"line":6,"column":33}},"6":{"start":{"line":10,"column":13},"end":{"line":10,"column":15}},"7":{"start":{"line":22,"column":35},"end":{"line":95,"column":2}},"8":{"start":{"line":22,"column":90},"end":{"line":95,"column":2}},"9":{"start":{"line":23,"column":8},"end":{"line":27,"column":5}},"10":{"start":{"line":29,"column":8},"end":{"line":33,"column":5}},"11":{"start":{"line":34,"column":2},"end":{"line":40,"column":null}},"12":{"start":{"line":35,"column":4},"end":{"line":39,"column":6}},"13":{"start":{"line":41,"column":2},"end":{"line":47,"column":null}},"14":{"start":{"line":42,"column":4},"end":{"line":46,"column":6}},"15":{"start":{"line":51,"column":4},"end":{"line":81,"column":7}},"16":{"start":{"line":51,"column":43},"end":{"line":81,"column":6}},"17":{"start":{"line":53,"column":26},"end":{"line":53,"column":null}},"18":{"start":{"line":53,"column":14},"end":{"line":53,"column":null}},"19":{"start":{"line":54,"column":28},"end":{"line":54,"column":null}},"20":{"start":{"line":54,"column":14},"end":{"line":54,"column":null}},"21":{"start":{"line":56,"column":8},"end":{"line":62,"column":null}},"22":{"start":{"line":57,"column":10},"end":{"line":61,"column":12}},"23":{"start":{"line":67,"column":18},"end":{"line":67,"column":null}},"24":{"start":{"line":67,"column":12},"end":{"line":67,"column":null}},"25":{"start":{"line":70,"column":12},"end":{"line":70,"column":15}},"26":{"start":{"line":72,"column":10},"end":{"line":72,"column":null}},"27":{"start":{"line":75,"column":23},"end":{"line":75,"column":null}},"28":{"start":{"line":75,"column":16},"end":{"line":75,"column":null}},"29":{"start":{"line":76,"column":10},"end":{"line":76,"column":null}},"30":{"start":{"line":82,"column":4},"end":{"line":83,"column":null}},"31":{"start":{"line":86,"column":4},"end":{"line":86,"column":24}},"32":{"start":{"line":87,"column":4},"end":{"line":87,"column":23}},"33":{"start":{"line":89,"column":4},"end":{"line":93,"column":6}},"34":{"start":{"line":22,"column":13},"end":{"line":22,"column":35}}},"fnMap":{"0":{"name":"(anonymous_16)","decl":{"start":{"line":22,"column":35},"end":{"line":22,"column":42}},"loc":{"start":{"line":22,"column":90},"end":{"line":95,"column":2}}},"1":{"name":"(anonymous_17)","decl":{"start":{"line":22,"column":90},"end":{"line":22,"column":null}},"loc":{"start":{"line":22,"column":90},"end":{"line":95,"column":2}}},"2":{"name":"(anonymous_19)","decl":{"start":{"line":51,"column":30},"end":{"line":51,"column":37}},"loc":{"start":{"line":51,"column":43},"end":{"line":81,"column":6}}},"3":{"name":"(anonymous_20)","decl":{"start":{"line":51,"column":43},"end":{"line":51,"column":null}},"loc":{"start":{"line":51,"column":43},"end":{"line":81,"column":6}}}},"branchMap":{"0":{"loc":{"start":{"line":34,"column":2},"end":{"line":40,"column":null}},"type":"if","locations":[{"start":{"line":34,"column":2},"end":{"line":40,"column":null}},{"start":{"line":34,"column":2},"end":{"line":40,"column":null}}]},"1":{"loc":{"start":{"line":41,"column":2},"end":{"line":47,"column":null}},"type":"if","locations":[{"start":{"line":41,"column":2},"end":{"line":47,"column":null}},{"start":{"line":41,"column":2},"end":{"line":47,"column":null}}]},"2":{"loc":{"start":{"line":53,"column":26},"end":{"line":53,"column":null}},"type":"switch","locations":[{"start":{"line":53,"column":26},"end":{"line":53,"column":null}},{"start":{"line":75,"column":23},"end":{"line":75,"column":null}}]},"3":{"loc":{"start":{"line":56,"column":8},"end":{"line":62,"column":null}},"type":"if","locations":[{"start":{"line":56,"column":8},"end":{"line":62,"column":null}},{"start":{"line":56,"column":8},"end":{"line":62,"column":null}}]},"4":{"loc":{"start":{"line":67,"column":54},"end":{"line":67,"column":56}},"type":"cond-expr","locations":[{"start":{"line":67,"column":54},"end":{"line":67,"column":56}},{"start":{"line":67,"column":45},"end":{"line":67,"column":61}}]},"5":{"loc":{"start":{"line":67,"column":45},"end":{"line":67,"column":56}},"type":"binary-expr","locations":[{"start":{"line":67,"column":45},"end":{"line":67,"column":56}},{"start":{"line":67,"column":45},"end":{"line":67,"column":56}}]},"6":{"loc":{"start":{"line":67,"column":114},"end":{"line":67,"column":116}},"type":"cond-expr","locations":[{"start":{"line":67,"column":114},"end":{"line":67,"column":116}},{"start":{"line":67,"column":105},"end":{"line":67,"column":121}}]},"7":{"loc":{"start":{"line":67,"column":105},"end":{"line":67,"column":116}},"type":"binary-expr","locations":[{"start":{"line":67,"column":105},"end":{"line":67,"column":116}},{"start":{"line":67,"column":105},"end":{"line":67,"column":116}}]},"8":{"loc":{"start":{"line":70,"column":12},"end":{"line":70,"column":15}},"type":"if","locations":[{"start":{"line":70,"column":12},"end":{"line":70,"column":15}},{"start":{"line":70,"column":12},"end":{"line":70,"column":15}}]},"9":{"loc":{"start":{"line":70,"column":15},"end":{"line":70,"column":17}},"type":"cond-expr","locations":[{"start":{"line":70,"column":15},"end":{"line":70,"column":17}},{"start":{"line":70,"column":12},"end":{"line":70,"column":24}}]},"10":{"loc":{"start":{"line":70,"column":12},"end":{"line":70,"column":17}},"type":"binary-expr","locations":[{"start":{"line":70,"column":12},"end":{"line":70,"column":17}},{"start":{"line":70,"column":12},"end":{"line":70,"column":17}}]},"11":{"loc":{"start":{"line":75,"column":123},"end":{"line":75,"column":125}},"type":"cond-expr","locations":[{"start":{"line":75,"column":123},"end":{"line":75,"column":125}},{"start":{"line":75,"column":112},"end":{"line":75,"column":130}}]},"12":{"loc":{"start":{"line":75,"column":112},"end":{"line":75,"column":125}},"type":"binary-expr","locations":[{"start":{"line":75,"column":112},"end":{"line":75,"column":125}},{"start":{"line":75,"column":112},"end":{"line":75,"column":125}}]}},"s":{"0":1,"1":1,"2":1,"3":1,"4":1,"5":1,"6":1,"7":1,"8":0,"9":0,"10":0,"11":0,"12":0,"13":0,"14":0,"15":0,"16":0,"17":0,"18":0,"19":0,"20":0,"21":0,"22":0,"23":0,"24":0,"25":0,"26":0,"27":0,"28":0,"29":0,"30":0,"31":0,"32":0,"33":0,"34":1},"f":{"0":0,"1":0,"2":0,"3":0},"b":{"0":[0,0],"1":[0,0],"2":[0,0],"3":[0,0],"4":[0,0],"5":[0,0],"6":[0,0],"7":[0,0],"8":[0,0],"9":[0,0],"10":[0,0],"11":[0,0],"12":[0,0]}}
,"/home/charles/Desktop/Nodejs/E-wallet/src/controllers/user.controller.ts": {"path":"/home/charles/Desktop/Nodejs/E-wallet/src/controllers/user.controller.ts","statementMap":{"0":{"start":{"line":1,"column":0},"end":{"line":1,"column":22}},"1":{"start":{"line":2,"column":0},"end":{"line":2,"column":45}},"2":{"start":{"line":3,"column":0},"end":{"line":3,"column":49}},"3":{"start":{"line":4,"column":0},"end":{"line":4,"column":64}},"4":{"start":{"line":7,"column":0},"end":{"line":7,"column":46}},"5":{"start":{"line":9,"column":15},"end":{"line":9,"column":33}},"6":{"start":{"line":20,"column":32},"end":{"line":65,"column":2}},"7":{"start":{"line":24,"column":18},"end":{"line":65,"column":2}},"8":{"start":{"line":26,"column":8},"end":{"line":31,"column":5}},"9":{"start":{"line":33,"column":8},"end":{"line":38,"column":5}},"10":{"start":{"line":39,"column":2},"end":{"line":45,"column":null}},"11":{"start":{"line":40,"column":4},"end":{"line":44,"column":6}},"12":{"start":{"line":48,"column":23},"end":{"line":48,"column":null}},"13":{"start":{"line":48,"column":8},"end":{"line":48,"column":null}},"14":{"start":{"line":49,"column":2},"end":{"line":55,"column":null}},"15":{"start":{"line":50,"column":4},"end":{"line":54,"column":6}},"16":{"start":{"line":56,"column":23},"end":{"line":56,"column":null}},"17":{"start":{"line":56,"column":8},"end":{"line":56,"column":null}},"18":{"start":{"line":58,"column":15},"end":{"line":58,"column":null}},"19":{"start":{"line":58,"column":8},"end":{"line":58,"column":null}},"20":{"start":{"line":59,"column":2},"end":{"line":64,"column":4}},"21":{"start":{"line":20,"column":13},"end":{"line":20,"column":32}},"22":{"start":{"line":73,"column":31},"end":{"line":106,"column":null}},"23":{"start":{"line":73,"column":69},"end":{"line":106,"column":null}},"24":{"start":{"line":74,"column":8},"end":{"line":77,"column":5}},"25":{"start":{"line":79,"column":8},"end":{"line":82,"column":5}},"26":{"start":{"line":83,"column":2},"end":{"line":89,"column":null}},"27":{"start":{"line":84,"column":4},"end":{"line":88,"column":6}},"28":{"start":{"line":91,"column":15},"end":{"line":91,"column":null}},"29":{"start":{"line":91,"column":8},"end":{"line":91,"column":null}},"30":{"start":{"line":92,"column":2},"end":{"line":94,"column":null}},"31":{"start":{"line":93,"column":4},"end":{"line":93,"column":89}},"32":{"start":{"line":95,"column":24},"end":{"line":95,"column":null}},"33":{"start":{"line":95,"column":8},"end":{"line":95,"column":null}},"34":{"start":{"line":96,"column":2},"end":{"line":98,"column":null}},"35":{"start":{"line":97,"column":4},"end":{"line":97,"column":89}},"36":{"start":{"line":100,"column":2},"end":{"line":105,"column":null}},"37":{"start":{"line":73,"column":13},"end":{"line":73,"column":31}}},"fnMap":{"0":{"name":"(anonymous_14)","decl":{"start":{"line":20,"column":32},"end":{"line":20,"column":null}},"loc":{"start":{"line":24,"column":18},"end":{"line":65,"column":2}}},"1":{"name":"(anonymous_15)","decl":{"start":{"line":25,"column":10},"end":{"line":25,"column":null}},"loc":{"start":{"line":25,"column":10},"end":{"line":65,"column":2}}},"2":{"name":"(anonymous_17)","decl":{"start":{"line":73,"column":31},"end":{"line":73,"column":38}},"loc":{"start":{"line":73,"column":69},"end":{"line":106,"column":null}}},"3":{"name":"(anonymous_18)","decl":{"start":{"line":73,"column":79},"end":{"line":73,"column":null}},"loc":{"start":{"line":73,"column":79},"end":{"line":106,"column":null}}}},"branchMap":{"0":{"loc":{"start":{"line":39,"column":2},"end":{"line":45,"column":null}},"type":"if","locations":[{"start":{"line":39,"column":2},"end":{"line":45,"column":null}},{"start":{"line":39,"column":2},"end":{"line":45,"column":null}}]},"1":{"loc":{"start":{"line":49,"column":2},"end":{"line":55,"column":null}},"type":"if","locations":[{"start":{"line":49,"column":2},"end":{"line":55,"column":null}},{"start":{"line":49,"column":2},"end":{"line":55,"column":null}}]},"2":{"loc":{"start":{"line":83,"column":2},"end":{"line":89,"column":null}},"type":"if","locations":[{"start":{"line":83,"column":2},"end":{"line":89,"column":null}},{"start":{"line":83,"column":2},"end":{"line":89,"column":null}}]},"3":{"loc":{"start":{"line":92,"column":2},"end":{"line":94,"column":null}},"type":"if","locations":[{"start":{"line":92,"column":2},"end":{"line":94,"column":null}},{"start":{"line":92,"column":2},"end":{"line":94,"column":null}}]},"4":{"loc":{"start":{"line":96,"column":2},"end":{"line":98,"column":null}},"type":"if","locations":[{"start":{"line":96,"column":2},"end":{"line":98,"column":null}},{"start":{"line":96,"column":2},"end":{"line":98,"column":null}}]}},"s":{"0":1,"1":1,"2":1,"3":1,"4":1,"5":1,"6":1,"7":0,"8":0,"9":0,"10":0,"11":0,"12":0,"13":0,"14":0,"15":0,"16":0,"17":0,"18":0,"19":0,"20":0,"21":1,"22":1,"23":1,"24":1,"25":1,"26":1,"27":0,"28":1,"29":1,"30":1,"31":0,"32":1,"33":1,"34":1,"35":0,"36":1,"37":1},"f":{"0":0,"1":0,"2":1,"3":1},"b":{"0":[0,0],"1":[0,0],"2":[0,1],"3":[0,1],"4":[0,1]}}
,"/home/charles/Desktop/Nodejs/E-wallet/src/helpers/bcrypt.ts": {"path":"/home/charles/Desktop/Nodejs/E-wallet/src/helpers/bcrypt.ts","statementMap":{"0":{"start":{"line":1,"column":0},"end":{"line":1,"column":27}},"1":{"start":{"line":4,"column":20},"end":{"line":6,"column":null}},"2":{"start":{"line":4,"column":39},"end":{"line":6,"column":null}},"3":{"start":{"line":5,"column":9},"end":{"line":5,"column":null}},"4":{"start":{"line":5,"column":2},"end":{"line":5,"column":null}},"5":{"start":{"line":4,"column":13},"end":{"line":4,"column":20}},"6":{"start":{"line":8,"column":23},"end":{"line":10,"column":null}},"7":{"start":{"line":8,"column":56},"end":{"line":10,"column":null}},"8":{"start":{"line":9,"column":9},"end":{"line":9,"column":null}},"9":{"start":{"line":9,"column":2},"end":{"line":9,"column":null}},"10":{"start":{"line":8,"column":13},"end":{"line":8,"column":23}}},"fnMap":{"0":{"name":"(anonymous_14)","decl":{"start":{"line":4,"column":20},"end":{"line":4,"column":27}},"loc":{"start":{"line":4,"column":39},"end":{"line":6,"column":null}}},"1":{"name":"(anonymous_15)","decl":{"start":{"line":4,"column":39},"end":{"line":4,"column":null}},"loc":{"start":{"line":4,"column":39},"end":{"line":6,"column":null}}},"2":{"name":"(anonymous_17)","decl":{"start":{"line":8,"column":23},"end":{"line":8,"column":30}},"loc":{"start":{"line":8,"column":56},"end":{"line":10,"column":null}}},"3":{"name":"(anonymous_18)","decl":{"start":{"line":8,"column":56},"end":{"line":8,"column":null}},"loc":{"start":{"line":8,"column":56},"end":{"line":10,"column":null}}}},"branchMap":{"0":{"loc":{"start":{"line":5,"column":9},"end":{"line":5,"column":null}},"type":"switch","locations":[{"start":{"line":5,"column":9},"end":{"line":5,"column":null}},{"start":{"line":5,"column":2},"end":{"line":5,"column":null}}]},"1":{"loc":{"start":{"line":9,"column":9},"end":{"line":9,"column":null}},"type":"switch","locations":[{"start":{"line":9,"column":9},"end":{"line":9,"column":null}},{"start":{"line":9,"column":2},"end":{"line":9,"column":null}}]}},"s":{"0":1,"1":1,"2":0,"3":0,"4":0,"5":1,"6":1,"7":1,"8":1,"9":1,"10":1},"f":{"0":0,"1":0,"2":1,"3":1},"b":{"0":[0,0],"1":[1,1]}}
,"/home/charles/Desktop/Nodejs/E-wallet/src/helpers/jwt.ts": {"path":"/home/charles/Desktop/Nodejs/E-wallet/src/helpers/jwt.ts","statementMap":{"0":{"start":{"line":1,"column":0},"end":{"line":1,"column":47}},"1":{"start":{"line":3,"column":27},"end":{"line":5,"column":1}},"2":{"start":{"line":4,"column":2},"end":{"line":4,"column":65}},"3":{"start":{"line":3,"column":13},"end":{"line":3,"column":27}},"4":{"start":{"line":7,"column":29},"end":{"line":9,"column":1}},"5":{"start":{"line":8,"column":2},"end":{"line":8,"column":45}},"6":{"start":{"line":7,"column":13},"end":{"line":7,"column":29}}},"fnMap":{"0":{"name":"(anonymous_1)","decl":{"start":{"line":3,"column":27},"end":{"line":3,"column":28}},"loc":{"start":{"line":3,"column":60},"end":{"line":5,"column":1}}},"1":{"name":"(anonymous_2)","decl":{"start":{"line":7,"column":29},"end":{"line":7,"column":30}},"loc":{"start":{"line":7,"column":45},"end":{"line":9,"column":1}}}},"branchMap":{},"s":{"0":1,"1":1,"2":1,"3":1,"4":1,"5":0,"6":1},"f":{"0":1,"1":0},"b":{}}
,"/home/charles/Desktop/Nodejs/E-wallet/src/middleware/protect.middleware.ts": {"path":"/home/charles/Desktop/Nodejs/E-wallet/src/middleware/protect.middleware.ts","statementMap":{"0":{"start":{"line":1,"column":0},"end":{"line":1,"column":47}},"1":{"start":{"line":6,"column":39},"end":{"line":30,"column":2}},"2":{"start":{"line":6,"column":60},"end":{"line":30,"column":2}},"3":{"start":{"line":7,"column":6},"end":{"line":7,"column":17}},"4":{"start":{"line":9,"column":2},"end":{"line":29,"column":null}},"5":{"start":{"line":14,"column":4},"end":{"line":14,"column":56}},"6":{"start":{"line":15,"column":4},"end":{"line":28,"column":null}},"7":{"start":{"line":16,"column":12},"end":{"line":16,"column":43}},"8":{"start":{"line":19,"column":6},"end":{"line":19,"column":25}},"9":{"start":{"line":21,"column":6},"end":{"line":21,"column":13}},"10":{"start":{"line":23,"column":6},"end":{"line":23,"column":25}},"11":{"start":{"line":24,"column":6},"end":{"line":27,"column":9}},"12":{"start":{"line":6,"column":13},"end":{"line":6,"column":39}}},"fnMap":{"0":{"name":"(anonymous_13)","decl":{"start":{"line":6,"column":39},"end":{"line":6,"column":46}},"loc":{"start":{"line":6,"column":60},"end":{"line":30,"column":2}}},"1":{"name":"(anonymous_14)","decl":{"start":{"line":6,"column":60},"end":{"line":6,"column":null}},"loc":{"start":{"line":6,"column":60},"end":{"line":30,"column":2}}}},"branchMap":{"0":{"loc":{"start":{"line":9,"column":2},"end":{"line":29,"column":null}},"type":"if","locations":[{"start":{"line":9,"column":2},"end":{"line":29,"column":null}},{"start":{"line":9,"column":2},"end":{"line":29,"column":null}}]},"1":{"loc":{"start":{"line":10,"column":4},"end":{"line":10,"column":29}},"type":"binary-expr","locations":[{"start":{"line":10,"column":4},"end":{"line":10,"column":29}},{"start":{"line":11,"column":4},"end":{"line":11,"column":50}}]}},"s":{"0":1,"1":1,"2":1,"3":1,"4":1,"5":0,"6":0,"7":0,"8":0,"9":0,"10":0,"11":0,"12":1},"f":{"0":1,"1":1},"b":{"0":[0,1],"1":[1,0]}}
,"/home/charles/Desktop/Nodejs/E-wallet/src/requestHandler/card.handler.ts": {"path":"/home/charles/Desktop/Nodejs/E-wallet/src/requestHandler/card.handler.ts","statementMap":{"0":{"start":{"line":2,"column":0},"end":{"line":2,"column":135}},"1":{"start":{"line":3,"column":0},"end":{"line":3,"column":37}},"2":{"start":{"line":6,"column":42},"end":{"line":25,"column":2}},"3":{"start":{"line":6,"column":57},"end":{"line":25,"column":2}},"4":{"start":{"line":8,"column":10},"end":{"line":8,"column":29}},"5":{"start":{"line":10,"column":19},"end":{"line":10,"column":null}},"6":{"start":{"line":10,"column":10},"end":{"line":10,"column":null}},"7":{"start":{"line":13,"column":4},"end":{"line":15,"column":null}},"8":{"start":{"line":14,"column":6},"end":{"line":14,"column":55}},"9":{"start":{"line":16,"column":4},"end":{"line":16,"column":40}},"10":{"start":{"line":18,"column":4},"end":{"line":18,"column":24}},"11":{"start":{"line":19,"column":4},"end":{"line":19,"column":23}},"12":{"start":{"line":20,"column":4},"end":{"line":23,"column":7}},"13":{"start":{"line":6,"column":13},"end":{"line":6,"column":42}},"14":{"start":{"line":27,"column":41},"end":{"line":43,"column":2}},"15":{"start":{"line":27,"column":56},"end":{"line":43,"column":2}},"16":{"start":{"line":29,"column":10},"end":{"line":29,"column":31}},"17":{"start":{"line":31,"column":54},"end":{"line":31,"column":null}},"18":{"start":{"line":31,"column":10},"end":{"line":31,"column":54}},"19":{"start":{"line":32,"column":4},"end":{"line":34,"column":null}},"20":{"start":{"line":33,"column":6},"end":{"line":33,"column":57}},"21":{"start":{"line":35,"column":4},"end":{"line":35,"column":71}},"22":{"start":{"line":37,"column":4},"end":{"line":37,"column":24}},"23":{"start":{"line":38,"column":4},"end":{"line":41,"column":7}},"24":{"start":{"line":27,"column":13},"end":{"line":27,"column":41}},"25":{"start":{"line":45,"column":41},"end":{"line":61,"column":2}},"26":{"start":{"line":45,"column":56},"end":{"line":61,"column":2}},"27":{"start":{"line":47,"column":10},"end":{"line":47,"column":31}},"28":{"start":{"line":49,"column":54},"end":{"line":49,"column":null}},"29":{"start":{"line":49,"column":10},"end":{"line":49,"column":54}},"30":{"start":{"line":50,"column":4},"end":{"line":52,"column":null}},"31":{"start":{"line":51,"column":6},"end":{"line":51,"column":57}},"32":{"start":{"line":53,"column":4},"end":{"line":53,"column":71}},"33":{"start":{"line":55,"column":4},"end":{"line":55,"column":24}},"34":{"start":{"line":56,"column":4},"end":{"line":59,"column":7}},"35":{"start":{"line":45,"column":13},"end":{"line":45,"column":41}},"36":{"start":{"line":63,"column":43},"end":{"line":79,"column":2}},"37":{"start":{"line":63,"column":58},"end":{"line":79,"column":2}},"38":{"start":{"line":65,"column":10},"end":{"line":65,"column":33}},"39":{"start":{"line":67,"column":54},"end":{"line":67,"column":null}},"40":{"start":{"line":67,"column":10},"end":{"line":67,"column":54}},"41":{"start":{"line":68,"column":4},"end":{"line":70,"column":null}},"42":{"start":{"line":69,"column":6},"end":{"line":69,"column":57}},"43":{"start":{"line":71,"column":4},"end":{"line":71,"column":71}},"44":{"start":{"line":73,"column":4},"end":{"line":73,"column":24}},"45":{"start":{"line":74,"column":4},"end":{"line":77,"column":7}},"46":{"start":{"line":63,"column":13},"end":{"line":63,"column":43}}},"fnMap":{"0":{"name":"(anonymous_14)","decl":{"start":{"line":6,"column":42},"end":{"line":6,"column":49}},"loc":{"start":{"line":6,"column":57},"end":{"line":25,"column":2}}},"1":{"name":"(anonymous_15)","decl":{"start":{"line":6,"column":57},"end":{"line":6,"column":null}},"loc":{"start":{"line":6,"column":57},"end":{"line":25,"column":2}}},"2":{"name":"(anonymous_17)","decl":{"start":{"line":27,"column":41},"end":{"line":27,"column":48}},"loc":{"start":{"line":27,"column":56},"end":{"line":43,"column":2}}},"3":{"name":"(anonymous_18)","decl":{"start":{"line":27,"column":56},"end":{"line":27,"column":null}},"loc":{"start":{"line":27,"column":56},"end":{"line":43,"column":2}}},"4":{"name":"(anonymous_20)","decl":{"start":{"line":45,"column":41},"end":{"line":45,"column":48}},"loc":{"start":{"line":45,"column":56},"end":{"line":61,"column":2}}},"5":{"name":"(anonymous_21)","decl":{"start":{"line":45,"column":56},"end":{"line":45,"column":null}},"loc":{"start":{"line":45,"column":56},"end":{"line":61,"column":2}}},"6":{"name":"(anonymous_23)","decl":{"start":{"line":63,"column":43},"end":{"line":63,"column":50}},"loc":{"start":{"line":63,"column":58},"end":{"line":79,"column":2}}},"7":{"name":"(anonymous_24)","decl":{"start":{"line":63,"column":58},"end":{"line":63,"column":null}},"loc":{"start":{"line":63,"column":58},"end":{"line":79,"column":2}}}},"branchMap":{"0":{"loc":{"start":{"line":13,"column":4},"end":{"line":15,"column":null}},"type":"if","locations":[{"start":{"line":13,"column":4},"end":{"line":15,"column":null}},{"start":{"line":13,"column":4},"end":{"line":15,"column":null}}]},"1":{"loc":{"start":{"line":32,"column":4},"end":{"line":34,"column":null}},"type":"if","locations":[{"start":{"line":32,"column":4},"end":{"line":34,"column":null}},{"start":{"line":32,"column":4},"end":{"line":34,"column":null}}]},"2":{"loc":{"start":{"line":50,"column":4},"end":{"line":52,"column":null}},"type":"if","locations":[{"start":{"line":50,"column":4},"end":{"line":52,"column":null}},{"start":{"line":50,"column":4},"end":{"line":52,"column":null}}]},"3":{"loc":{"start":{"line":68,"column":4},"end":{"line":70,"column":null}},"type":"if","locations":[{"start":{"line":68,"column":4},"end":{"line":70,"column":null}},{"start":{"line":68,"column":4},"end":{"line":70,"column":null}}]}},"s":{"0":1,"1":1,"2":1,"3":0,"4":0,"5":0,"6":0,"7":0,"8":0,"9":0,"10":0,"11":0,"12":0,"13":1,"14":1,"15":0,"16":0,"17":0,"18":0,"19":0,"20":0,"21":0,"22":0,"23":0,"24":1,"25":1,"26":0,"27":0,"28":0,"29":0,"30":0,"31":0,"32":0,"33":0,"34":0,"35":1,"36":1,"37":0,"38":0,"39":0,"40":0,"41":0,"42":0,"43":0,"44":0,"45":0,"46":1},"f":{"0":0,"1":0,"2":0,"3":0,"4":0,"5":0,"6":0,"7":0},"b":{"0":[0,0],"1":[0,0],"2":[0,0],"3":[0,0]}}
,"/home/charles/Desktop/Nodejs/E-wallet/src/requestHandler/p2p.handler.ts": {"path":"/home/charles/Desktop/Nodejs/E-wallet/src/requestHandler/p2p.handler.ts","statementMap":{"0":{"start":{"line":2,"column":0},"end":{"line":2,"column":68}},"1":{"start":{"line":3,"column":0},"end":{"line":3,"column":37}},"2":{"start":{"line":5,"column":41},"end":{"line":28,"column":2}},"3":{"start":{"line":5,"column":56},"end":{"line":28,"column":2}},"4":{"start":{"line":7,"column":10},"end":{"line":7,"column":33}},"5":{"start":{"line":9,"column":19},"end":{"line":9,"column":null}},"6":{"start":{"line":9,"column":10},"end":{"line":9,"column":null}},"7":{"start":{"line":12,"column":4},"end":{"line":17,"column":null}},"8":{"start":{"line":13,"column":6},"end":{"line":13,"column":84}},"9":{"start":{"line":16,"column":6},"end":{"line":16,"column":83}},"10":{"start":{"line":21,"column":4},"end":{"line":21,"column":24}},"11":{"start":{"line":23,"column":4},"end":{"line":26,"column":7}},"12":{"start":{"line":5,"column":13},"end":{"line":5,"column":41}}},"fnMap":{"0":{"name":"(anonymous_14)","decl":{"start":{"line":5,"column":41},"end":{"line":5,"column":48}},"loc":{"start":{"line":5,"column":56},"end":{"line":28,"column":2}}},"1":{"name":"(anonymous_15)","decl":{"start":{"line":5,"column":56},"end":{"line":5,"column":null}},"loc":{"start":{"line":5,"column":56},"end":{"line":28,"column":2}}}},"branchMap":{"0":{"loc":{"start":{"line":12,"column":4},"end":{"line":17,"column":null}},"type":"if","locations":[{"start":{"line":12,"column":4},"end":{"line":17,"column":null}},{"start":{"line":12,"column":4},"end":{"line":17,"column":null}}]}},"s":{"0":1,"1":1,"2":1,"3":0,"4":0,"5":0,"6":0,"7":0,"8":0,"9":0,"10":0,"11":0,"12":1},"f":{"0":0,"1":0},"b":{"0":[0,0]}}
,"/home/charles/Desktop/Nodejs/E-wallet/src/requestHandler/user.handler.ts": {"path":"/home/charles/Desktop/Nodejs/E-wallet/src/requestHandler/user.handler.ts","statementMap":{"0":{"start":{"line":2,"column":0},"end":{"line":2,"column":83}},"1":{"start":{"line":3,"column":0},"end":{"line":3,"column":37}},"2":{"start":{"line":6,"column":38},"end":{"line":21,"column":2}},"3":{"start":{"line":6,"column":53},"end":{"line":21,"column":2}},"4":{"start":{"line":8,"column":10},"end":{"line":8,"column":55}},"5":{"start":{"line":9,"column":54},"end":{"line":9,"column":null}},"6":{"start":{"line":9,"column":10},"end":{"line":9,"column":54}},"7":{"start":{"line":10,"column":4},"end":{"line":12,"column":null}},"8":{"start":{"line":11,"column":6},"end":{"line":11,"column":57}},"9":{"start":{"line":13,"column":4},"end":{"line":13,"column":63}},"10":{"start":{"line":15,"column":4},"end":{"line":15,"column":24}},"11":{"start":{"line":16,"column":4},"end":{"line":19,"column":7}},"12":{"start":{"line":6,"column":13},"end":{"line":6,"column":38}},"13":{"start":{"line":23,"column":37},"end":{"line":38,"column":2}},"14":{"start":{"line":23,"column":52},"end":{"line":38,"column":2}},"15":{"start":{"line":25,"column":10},"end":{"line":25,"column":32}},"16":{"start":{"line":26,"column":54},"end":{"line":26,"column":null}},"17":{"start":{"line":26,"column":10},"end":{"line":26,"column":54}},"18":{"start":{"line":27,"column":4},"end":{"line":29,"column":null}},"19":{"start":{"line":28,"column":6},"end":{"line":28,"column":57}},"20":{"start":{"line":30,"column":4},"end":{"line":30,"column":63}},"21":{"start":{"line":32,"column":4},"end":{"line":32,"column":24}},"22":{"start":{"line":33,"column":4},"end":{"line":36,"column":7}},"23":{"start":{"line":23,"column":13},"end":{"line":23,"column":37}}},"fnMap":{"0":{"name":"(anonymous_14)","decl":{"start":{"line":6,"column":38},"end":{"line":6,"column":45}},"loc":{"start":{"line":6,"column":53},"end":{"line":21,"column":2}}},"1":{"name":"(anonymous_15)","decl":{"start":{"line":6,"column":53},"end":{"line":6,"column":null}},"loc":{"start":{"line":6,"column":53},"end":{"line":21,"column":2}}},"2":{"name":"(anonymous_17)","decl":{"start":{"line":23,"column":37},"end":{"line":23,"column":44}},"loc":{"start":{"line":23,"column":52},"end":{"line":38,"column":2}}},"3":{"name":"(anonymous_18)","decl":{"start":{"line":23,"column":52},"end":{"line":23,"column":null}},"loc":{"start":{"line":23,"column":52},"end":{"line":38,"column":2}}}},"branchMap":{"0":{"loc":{"start":{"line":10,"column":4},"end":{"line":12,"column":null}},"type":"if","locations":[{"start":{"line":10,"column":4},"end":{"line":12,"column":null}},{"start":{"line":10,"column":4},"end":{"line":12,"column":null}}]},"1":{"loc":{"start":{"line":27,"column":4},"end":{"line":29,"column":null}},"type":"if","locations":[{"start":{"line":27,"column":4},"end":{"line":29,"column":null}},{"start":{"line":27,"column":4},"end":{"line":29,"column":null}}]}},"s":{"0":1,"1":1,"2":1,"3":0,"4":0,"5":0,"6":0,"7":0,"8":0,"9":0,"10":0,"11":0,"12":1,"13":1,"14":1,"15":1,"16":1,"17":1,"18":1,"19":0,"20":1,"21":0,"22":0,"23":1},"f":{"0":0,"1":0,"2":1,"3":1},"b":{"0":[0,0],"1":[0,1]}}
,"/home/charles/Desktop/Nodejs/E-wallet/src/routes/card.routes.ts": {"path":"/home/charles/Desktop/Nodejs/E-wallet/src/routes/card.routes.ts","statementMap":{"0":{"start":{"line":1,"column":0},"end":{"line":1,"column":33}},"1":{"start":{"line":2,"column":0},"end":{"line":2,"column":95}},"2":{"start":{"line":3,"column":0},"end":{"line":3,"column":59}},"3":{"start":{"line":5,"column":15},"end":{"line":5,"column":23}},"4":{"start":{"line":7,"column":0},"end":{"line":7,"column":54}},"5":{"start":{"line":8,"column":0},"end":{"line":8,"column":62}},"6":{"start":{"line":9,"column":0},"end":{"line":9,"column":65}},"7":{"start":{"line":10,"column":0},"end":{"line":10,"column":68}},"8":{"start":{"line":13,"column":0},"end":{"line":13,"column":22}}},"fnMap":{},"branchMap":{},"s":{"0":1,"1":1,"2":1,"3":1,"4":1,"5":1,"6":1,"7":1,"8":1},"f":{},"b":{}}
,"/home/charles/Desktop/Nodejs/E-wallet/src/routes/p2p.routes.ts": {"path":"/home/charles/Desktop/Nodejs/E-wallet/src/routes/p2p.routes.ts","statementMap":{"0":{"start":{"line":1,"column":0},"end":{"line":1,"column":33}},"1":{"start":{"line":2,"column":0},"end":{"line":2,"column":58}},"2":{"start":{"line":3,"column":0},"end":{"line":3,"column":59}},"3":{"start":{"line":5,"column":15},"end":{"line":5,"column":23}},"4":{"start":{"line":7,"column":0},"end":{"line":7,"column":51}},"5":{"start":{"line":10,"column":0},"end":{"line":10,"column":22}}},"fnMap":{},"branchMap":{},"s":{"0":1,"1":1,"2":1,"3":1,"4":1,"5":1},"f":{},"b":{}}
,"/home/charles/Desktop/Nodejs/E-wallet/src/routes/user.routes.ts": {"path":"/home/charles/Desktop/Nodejs/E-wallet/src/routes/user.routes.ts","statementMap":{"0":{"start":{"line":1,"column":0},"end":{"line":1,"column":31}},"1":{"start":{"line":2,"column":0},"end":{"line":2,"column":61}},"2":{"start":{"line":5,"column":15},"end":{"line":5,"column":23}},"3":{"start":{"line":7,"column":0},"end":{"line":7,"column":null}},"4":{"start":{"line":8,"column":0},"end":{"line":8,"column":null}},"5":{"start":{"line":11,"column":0},"end":{"line":11,"column":null}}},"fnMap":{},"branchMap":{},"s":{"0":1,"1":1,"2":1,"3":1,"4":1,"5":1},"f":{},"b":{}}
,"/home/charles/Desktop/Nodejs/E-wallet/src/services/card.service.ts": {"path":"/home/charles/Desktop/Nodejs/E-wallet/src/services/card.service.ts","statementMap":{"0":{"start":{"line":1,"column":0},"end":{"line":1,"column":46}},"1":{"start":{"line":2,"column":15},"end":{"line":2,"column":33}},"2":{"start":{"line":3,"column":0},"end":{"line":3,"column":26}},"3":{"start":{"line":4,"column":0},"end":{"line":4,"column":37}},"4":{"start":{"line":5,"column":0},"end":{"line":5,"column":55}},"5":{"start":{"line":9,"column":17},"end":{"line":9,"column":49}},"6":{"start":{"line":10,"column":21},"end":{"line":10,"column":47}},"7":{"start":{"line":14,"column":27},"end":{"line":40,"column":2}},"8":{"start":{"line":20,"column":16},"end":{"line":40,"column":2}},"9":{"start":{"line":23,"column":11},"end":{"line":35,"column":7}},"10":{"start":{"line":23,"column":50},"end":{"line":35,"column":6}},"11":{"start":{"line":24,"column":21},"end":{"line":24,"column":null}},"12":{"start":{"line":24,"column":12},"end":{"line":24,"column":null}},"13":{"start":{"line":25,"column":10},"end":{"line":25,"column":16}},"14":{"start":{"line":26,"column":8},"end":{"line":26,"column":null}},"15":{"start":{"line":28,"column":10},"end":{"line":28,"column":16}},"16":{"start":{"line":29,"column":8},"end":{"line":29,"column":null}},"17":{"start":{"line":31,"column":10},"end":{"line":31,"column":16}},"18":{"start":{"line":32,"column":8},"end":{"line":32,"column":null}},"19":{"start":{"line":23,"column":4},"end":{"line":35,"column":7}},"20":{"start":{"line":37,"column":4},"end":{"line":37,"column":null}},"21":{"start":{"line":38,"column":4},"end":{"line":38,"column":null}},"22":{"start":{"line":14,"column":13},"end":{"line":14,"column":27}},"23":{"start":{"line":42,"column":26},"end":{"line":109,"column":2}},"24":{"start":{"line":42,"column":76},"end":{"line":109,"column":2}},"25":{"start":{"line":44,"column":19},"end":{"line":56,"column":null}},"26":{"start":{"line":44,"column":10},"end":{"line":56,"column":null}},"27":{"start":{"line":62,"column":8},"end":{"line":62,"column":14}},"28":{"start":{"line":64,"column":6},"end":{"line":86,"column":9}},"29":{"start":{"line":64,"column":45},"end":{"line":86,"column":8}},"30":{"start":{"line":67,"column":20},"end":{"line":74,"column":null}},"31":{"start":{"line":67,"column":14},"end":{"line":74,"column":null}},"32":{"start":{"line":75,"column":8},"end":{"line":75,"column":18}},"33":{"start":{"line":76,"column":29},"end":{"line":76,"column":null}},"34":{"start":{"line":76,"column":14},"end":{"line":76,"column":null}},"35":{"start":{"line":77,"column":8},"end":{"line":84,"column":null}},"36":{"start":{"line":78,"column":10},"end":{"line":83,"column":12}},"37":{"start":{"line":87,"column":6},"end":{"line":92,"column":8}},"38":{"start":{"line":95,"column":6},"end":{"line":97,"column":null}},"39":{"start":{"line":101,"column":4},"end":{"line":101,"column":24}},"40":{"start":{"line":102,"column":4},"end":{"line":102,"column":23}},"41":{"start":{"line":104,"column":4},"end":{"line":107,"column":null}},"42":{"start":{"line":42,"column":13},"end":{"line":42,"column":26}},"43":{"start":{"line":111,"column":25},"end":{"line":176,"column":2}},"44":{"start":{"line":111,"column":74},"end":{"line":176,"column":2}},"45":{"start":{"line":113,"column":24},"end":{"line":115,"column":null}},"46":{"start":{"line":113,"column":10},"end":{"line":115,"column":null}},"47":{"start":{"line":116,"column":4},"end":{"line":121,"column":null}},"48":{"start":{"line":117,"column":6},"end":{"line":120,"column":8}},"49":{"start":{"line":122,"column":4},"end":{"line":127,"column":null}},"50":{"start":{"line":123,"column":6},"end":{"line":126,"column":8}},"51":{"start":{"line":128,"column":19},"end":{"line":139,"column":null}},"52":{"start":{"line":128,"column":10},"end":{"line":139,"column":null}},"53":{"start":{"line":141,"column":8},"end":{"line":141,"column":14}},"54":{"start":{"line":142,"column":6},"end":{"line":161,"column":9}},"55":{"start":{"line":142,"column":45},"end":{"line":161,"column":8}},"56":{"start":{"line":143,"column":8},"end":{"line":150,"column":null}},"57":{"start":{"line":151,"column":29},"end":{"line":151,"column":null}},"58":{"start":{"line":151,"column":14},"end":{"line":151,"column":null}},"59":{"start":{"line":152,"column":8},"end":{"line":159,"column":null}},"60":{"start":{"line":153,"column":10},"end":{"line":158,"column":12}},"61":{"start":{"line":162,"column":6},"end":{"line":167,"column":8}},"62":{"start":{"line":170,"column":4},"end":{"line":170,"column":null}},"63":{"start":{"line":171,"column":4},"end":{"line":174,"column":null}},"64":{"start":{"line":111,"column":13},"end":{"line":111,"column":25}},"65":{"start":{"line":178,"column":25},"end":{"line":243,"column":2}},"66":{"start":{"line":178,"column":74},"end":{"line":243,"column":2}},"67":{"start":{"line":180,"column":24},"end":{"line":182,"column":null}},"68":{"start":{"line":180,"column":10},"end":{"line":182,"column":null}},"69":{"start":{"line":183,"column":4},"end":{"line":188,"column":null}},"70":{"start":{"line":184,"column":6},"end":{"line":187,"column":8}},"71":{"start":{"line":189,"column":4},"end":{"line":194,"column":null}},"72":{"start":{"line":190,"column":6},"end":{"line":193,"column":8}},"73":{"start":{"line":195,"column":19},"end":{"line":206,"column":null}},"74":{"start":{"line":195,"column":10},"end":{"line":206,"column":null}},"75":{"start":{"line":208,"column":8},"end":{"line":208,"column":14}},"76":{"start":{"line":209,"column":6},"end":{"line":228,"column":9}},"77":{"start":{"line":209,"column":45},"end":{"line":228,"column":8}},"78":{"start":{"line":210,"column":8},"end":{"line":217,"column":11}},"79":{"start":{"line":218,"column":29},"end":{"line":218,"column":null}},"80":{"start":{"line":218,"column":14},"end":{"line":218,"column":null}},"81":{"start":{"line":219,"column":8},"end":{"line":226,"column":null}},"82":{"start":{"line":220,"column":10},"end":{"line":225,"column":12}},"83":{"start":{"line":229,"column":6},"end":{"line":234,"column":8}},"84":{"start":{"line":237,"column":4},"end":{"line":237,"column":24}},"85":{"start":{"line":238,"column":4},"end":{"line":241,"column":null}},"86":{"start":{"line":178,"column":13},"end":{"line":178,"column":25}},"87":{"start":{"line":246,"column":27},"end":{"line":311,"column":2}},"88":{"start":{"line":246,"column":76},"end":{"line":311,"column":2}},"89":{"start":{"line":248,"column":24},"end":{"line":250,"column":null}},"90":{"start":{"line":248,"column":10},"end":{"line":250,"column":null}},"91":{"start":{"line":251,"column":4},"end":{"line":256,"column":null}},"92":{"start":{"line":252,"column":6},"end":{"line":255,"column":8}},"93":{"start":{"line":257,"column":4},"end":{"line":262,"column":null}},"94":{"start":{"line":258,"column":6},"end":{"line":261,"column":8}},"95":{"start":{"line":263,"column":19},"end":{"line":274,"column":null}},"96":{"start":{"line":263,"column":10},"end":{"line":274,"column":null}},"97":{"start":{"line":276,"column":8},"end":{"line":276,"column":14}},"98":{"start":{"line":277,"column":6},"end":{"line":296,"column":9}},"99":{"start":{"line":277,"column":45},"end":{"line":296,"column":8}},"100":{"start":{"line":278,"column":8},"end":{"line":285,"column":11}},"101":{"start":{"line":286,"column":29},"end":{"line":286,"column":null}},"102":{"start":{"line":286,"column":14},"end":{"line":286,"column":null}},"103":{"start":{"line":287,"column":8},"end":{"line":294,"column":null}},"104":{"start":{"line":288,"column":10},"end":{"line":293,"column":12}},"105":{"start":{"line":297,"column":6},"end":{"line":302,"column":8}},"106":{"start":{"line":305,"column":4},"end":{"line":305,"column":24}},"107":{"start":{"line":306,"column":4},"end":{"line":309,"column":null}},"108":{"start":{"line":246,"column":13},"end":{"line":246,"column":27}}},"fnMap":{"0":{"name":"(anonymous_14)","decl":{"start":{"line":14,"column":27},"end":{"line":14,"column":null}},"loc":{"start":{"line":20,"column":16},"end":{"line":40,"column":2}}},"1":{"name":"(anonymous_15)","decl":{"start":{"line":20,"column":16},"end":{"line":20,"column":null}},"loc":{"start":{"line":20,"column":16},"end":{"line":40,"column":2}}},"2":{"name":"(anonymous_17)","decl":{"start":{"line":23,"column":37},"end":{"line":23,"column":44}},"loc":{"start":{"line":23,"column":50},"end":{"line":35,"column":6}}},"3":{"name":"(anonymous_18)","decl":{"start":{"line":23,"column":50},"end":{"line":23,"column":null}},"loc":{"start":{"line":23,"column":50},"end":{"line":35,"column":6}}},"4":{"name":"(anonymous_20)","decl":{"start":{"line":42,"column":26},"end":{"line":42,"column":33}},"loc":{"start":{"line":42,"column":76},"end":{"line":109,"column":2}}},"5":{"name":"(anonymous_21)","decl":{"start":{"line":42,"column":76},"end":{"line":42,"column":null}},"loc":{"start":{"line":42,"column":76},"end":{"line":109,"column":2}}},"6":{"name":"(anonymous_23)","decl":{"start":{"line":64,"column":32},"end":{"line":64,"column":39}},"loc":{"start":{"line":64,"column":45},"end":{"line":86,"column":8}}},"7":{"name":"(anonymous_24)","decl":{"start":{"line":64,"column":45},"end":{"line":64,"column":null}},"loc":{"start":{"line":64,"column":45},"end":{"line":86,"column":8}}},"8":{"name":"(anonymous_26)","decl":{"start":{"line":111,"column":25},"end":{"line":111,"column":32}},"loc":{"start":{"line":111,"column":74},"end":{"line":176,"column":2}}},"9":{"name":"(anonymous_27)","decl":{"start":{"line":111,"column":74},"end":{"line":111,"column":null}},"loc":{"start":{"line":111,"column":74},"end":{"line":176,"column":2}}},"10":{"name":"(anonymous_29)","decl":{"start":{"line":142,"column":32},"end":{"line":142,"column":39}},"loc":{"start":{"line":142,"column":45},"end":{"line":161,"column":8}}},"11":{"name":"(anonymous_30)","decl":{"start":{"line":142,"column":45},"end":{"line":142,"column":null}},"loc":{"start":{"line":142,"column":45},"end":{"line":161,"column":8}}},"12":{"name":"(anonymous_32)","decl":{"start":{"line":178,"column":25},"end":{"line":178,"column":32}},"loc":{"start":{"line":178,"column":74},"end":{"line":243,"column":2}}},"13":{"name":"(anonymous_33)","decl":{"start":{"line":178,"column":74},"end":{"line":178,"column":null}},"loc":{"start":{"line":178,"column":74},"end":{"line":243,"column":2}}},"14":{"name":"(anonymous_35)","decl":{"start":{"line":209,"column":32},"end":{"line":209,"column":39}},"loc":{"start":{"line":209,"column":45},"end":{"line":228,"column":8}}},"15":{"name":"(anonymous_36)","decl":{"start":{"line":209,"column":45},"end":{"line":209,"column":null}},"loc":{"start":{"line":209,"column":45},"end":{"line":228,"column":8}}},"16":{"name":"(anonymous_38)","decl":{"start":{"line":246,"column":27},"end":{"line":246,"column":34}},"loc":{"start":{"line":246,"column":76},"end":{"line":311,"column":2}}},"17":{"name":"(anonymous_39)","decl":{"start":{"line":246,"column":76},"end":{"line":246,"column":null}},"loc":{"start":{"line":246,"column":76},"end":{"line":311,"column":2}}},"18":{"name":"(anonymous_41)","decl":{"start":{"line":277,"column":32},"end":{"line":277,"column":39}},"loc":{"start":{"line":277,"column":45},"end":{"line":296,"column":8}}},"19":{"name":"(anonymous_42)","decl":{"start":{"line":277,"column":45},"end":{"line":277,"column":null}},"loc":{"start":{"line":277,"column":45},"end":{"line":296,"column":8}}}},"branchMap":{"0":{"loc":{"start":{"line":23,"column":4},"end":{"line":35,"column":7}},"type":"switch","locations":[{"start":{"line":23,"column":4},"end":{"line":35,"column":7}}]},"1":{"loc":{"start":{"line":24,"column":21},"end":{"line":24,"column":null}},"type":"switch","locations":[{"start":{"line":24,"column":21},"end":{"line":24,"column":null}}]},"2":{"loc":{"start":{"line":25,"column":10},"end":{"line":25,"column":16}},"type":"if","locations":[{"start":{"line":25,"column":10},"end":{"line":25,"column":16}},{"start":{"line":25,"column":10},"end":{"line":25,"column":16}}]},"3":{"loc":{"start":{"line":25,"column":16},"end":{"line":25,"column":18}},"type":"cond-expr","locations":[{"start":{"line":25,"column":16},"end":{"line":25,"column":18}},{"start":{"line":25,"column":10},"end":{"line":25,"column":28}}]},"4":{"loc":{"start":{"line":25,"column":10},"end":{"line":25,"column":18}},"type":"binary-expr","locations":[{"start":{"line":25,"column":10},"end":{"line":25,"column":18}},{"start":{"line":25,"column":10},"end":{"line":25,"column":18}}]},"5":{"loc":{"start":{"line":28,"column":10},"end":{"line":28,"column":16}},"type":"if","locations":[{"start":{"line":28,"column":10},"end":{"line":28,"column":16}},{"start":{"line":28,"column":10},"end":{"line":28,"column":16}}]},"6":{"loc":{"start":{"line":28,"column":16},"end":{"line":28,"column":18}},"type":"cond-expr","locations":[{"start":{"line":28,"column":16},"end":{"line":28,"column":18}},{"start":{"line":28,"column":10},"end":{"line":28,"column":28}}]},"7":{"loc":{"start":{"line":28,"column":10},"end":{"line":28,"column":18}},"type":"binary-expr","locations":[{"start":{"line":28,"column":10},"end":{"line":28,"column":18}},{"start":{"line":28,"column":10},"end":{"line":28,"column":18}}]},"8":{"loc":{"start":{"line":31,"column":10},"end":{"line":31,"column":16}},"type":"if","locations":[{"start":{"line":31,"column":10},"end":{"line":31,"column":16}},{"start":{"line":31,"column":10},"end":{"line":31,"column":16}}]},"9":{"loc":{"start":{"line":31,"column":16},"end":{"line":31,"column":18}},"type":"cond-expr","locations":[{"start":{"line":31,"column":16},"end":{"line":31,"column":18}},{"start":{"line":31,"column":10},"end":{"line":31,"column":28}}]},"10":{"loc":{"start":{"line":31,"column":10},"end":{"line":31,"column":18}},"type":"binary-expr","locations":[{"start":{"line":31,"column":10},"end":{"line":31,"column":18}},{"start":{"line":31,"column":10},"end":{"line":31,"column":18}}]},"11":{"loc":{"start":{"line":95,"column":6},"end":{"line":97,"column":null}},"type":"switch","locations":[{"start":{"line":95,"column":6},"end":{"line":97,"column":null}}]},"12":{"loc":{"start":{"line":62,"column":8},"end":{"line":62,"column":14}},"type":"if","locations":[{"start":{"line":62,"column":8},"end":{"line":62,"column":14}},{"start":{"line":62,"column":8},"end":{"line":62,"column":14}}]},"13":{"loc":{"start":{"line":67,"column":20},"end":{"line":74,"column":null}},"type":"switch","locations":[{"start":{"line":67,"column":20},"end":{"line":74,"column":null}}]},"14":{"loc":{"start":{"line":77,"column":8},"end":{"line":84,"column":null}},"type":"if","locations":[{"start":{"line":77,"column":8},"end":{"line":84,"column":null}},{"start":{"line":77,"column":8},"end":{"line":84,"column":null}}]},"15":{"loc":{"start":{"line":116,"column":4},"end":{"line":121,"column":null}},"type":"if","locations":[{"start":{"line":116,"column":4},"end":{"line":121,"column":null}},{"start":{"line":116,"column":4},"end":{"line":121,"column":null}}]},"16":{"loc":{"start":{"line":122,"column":4},"end":{"line":127,"column":null}},"type":"if","locations":[{"start":{"line":122,"column":4},"end":{"line":127,"column":null}},{"start":{"line":122,"column":4},"end":{"line":127,"column":null}}]},"17":{"loc":{"start":{"line":122,"column":19},"end":{"line":122,"column":21}},"type":"cond-expr","locations":[{"start":{"line":122,"column":19},"end":{"line":122,"column":21}},{"start":{"line":122,"column":8},"end":{"line":122,"column":34}}]},"18":{"loc":{"start":{"line":122,"column":8},"end":{"line":122,"column":21}},"type":"binary-expr","locations":[{"start":{"line":122,"column":8},"end":{"line":122,"column":21}},{"start":{"line":122,"column":8},"end":{"line":122,"column":21}}]},"19":{"loc":{"start":{"line":141,"column":8},"end":{"line":141,"column":14}},"type":"if","locations":[{"start":{"line":141,"column":8},"end":{"line":141,"column":14}},{"start":{"line":141,"column":8},"end":{"line":141,"column":14}}]},"20":{"loc":{"start":{"line":143,"column":8},"end":{"line":150,"column":null}},"type":"switch","locations":[{"start":{"line":143,"column":8},"end":{"line":150,"column":null}}]},"21":{"loc":{"start":{"line":152,"column":8},"end":{"line":159,"column":null}},"type":"if","locations":[{"start":{"line":152,"column":8},"end":{"line":159,"column":null}},{"start":{"line":152,"column":8},"end":{"line":159,"column":null}}]},"22":{"loc":{"start":{"line":183,"column":4},"end":{"line":188,"column":null}},"type":"if","locations":[{"start":{"line":183,"column":4},"end":{"line":188,"column":null}},{"start":{"line":183,"column":4},"end":{"line":188,"column":null}}]},"23":{"loc":{"start":{"line":189,"column":4},"end":{"line":194,"column":null}},"type":"if","locations":[{"start":{"line":189,"column":4},"end":{"line":194,"column":null}},{"start":{"line":189,"column":4},"end":{"line":194,"column":null}}]},"24":{"loc":{"start":{"line":189,"column":19},"end":{"line":189,"column":21}},"type":"cond-expr","locations":[{"start":{"line":189,"column":19},"end":{"line":189,"column":21}},{"start":{"line":189,"column":8},"end":{"line":189,"column":34}}]},"25":{"loc":{"start":{"line":189,"column":8},"end":{"line":189,"column":21}},"type":"binary-expr","locations":[{"start":{"line":189,"column":8},"end":{"line":189,"column":21}},{"start":{"line":189,"column":8},"end":{"line":189,"column":21}}]},"26":{"loc":{"start":{"line":208,"column":8},"end":{"line":208,"column":14}},"type":"if","locations":[{"start":{"line":208,"column":8},"end":{"line":208,"column":14}},{"start":{"line":208,"column":8},"end":{"line":208,"column":14}}]},"27":{"loc":{"start":{"line":210,"column":8},"end":{"line":217,"column":11}},"type":"switch","locations":[{"start":{"line":210,"column":8},"end":{"line":217,"column":11}}]},"28":{"loc":{"start":{"line":219,"column":8},"end":{"line":226,"column":null}},"type":"if","locations":[{"start":{"line":219,"column":8},"end":{"line":226,"column":null}},{"start":{"line":219,"column":8},"end":{"line":226,"column":null}}]},"29":{"loc":{"start":{"line":251,"column":4},"end":{"line":256,"column":null}},"type":"if","locations":[{"start":{"line":251,"column":4},"end":{"line":256,"column":null}},{"start":{"line":251,"column":4},"end":{"line":256,"column":null}}]},"30":{"loc":{"start":{"line":257,"column":4},"end":{"line":262,"column":null}},"type":"if","locations":[{"start":{"line":257,"column":4},"end":{"line":262,"column":null}},{"start":{"line":257,"column":4},"end":{"line":262,"column":null}}]},"31":{"loc":{"start":{"line":257,"column":19},"end":{"line":257,"column":21}},"type":"cond-expr","locations":[{"start":{"line":257,"column":19},"end":{"line":257,"column":21}},{"start":{"line":257,"column":8},"end":{"line":257,"column":34}}]},"32":{"loc":{"start":{"line":257,"column":8},"end":{"line":257,"column":21}},"type":"binary-expr","locations":[{"start":{"line":257,"column":8},"end":{"line":257,"column":21}},{"start":{"line":257,"column":8},"end":{"line":257,"column":21}}]},"33":{"loc":{"start":{"line":276,"column":8},"end":{"line":276,"column":14}},"type":"if","locations":[{"start":{"line":276,"column":8},"end":{"line":276,"column":14}},{"start":{"line":276,"column":8},"end":{"line":276,"column":14}}]},"34":{"loc":{"start":{"line":278,"column":8},"end":{"line":285,"column":11}},"type":"switch","locations":[{"start":{"line":278,"column":8},"end":{"line":285,"column":11}}]},"35":{"loc":{"start":{"line":287,"column":8},"end":{"line":294,"column":null}},"type":"if","locations":[{"start":{"line":287,"column":8},"end":{"line":294,"column":null}},{"start":{"line":287,"column":8},"end":{"line":294,"column":null}}]}},"s":{"0":1,"1":1,"2":1,"3":1,"4":1,"5":1,"6":1,"7":1,"8":0,"9":0,"10":0,"11":0,"12":0,"13":0,"14":0,"15":0,"16":0,"17":0,"18":0,"19":0,"20":0,"21":0,"22":1,"23":1,"24":0,"25":0,"26":0,"27":0,"28":0,"29":0,"30":0,"31":0,"32":0,"33":0,"34":0,"35":0,"36":0,"37":0,"38":0,"39":0,"40":0,"41":0,"42":1,"43":1,"44":0,"45":0,"46":0,"47":0,"48":0,"49":0,"50":0,"51":0,"52":0,"53":0,"54":0,"55":0,"56":0,"57":0,"58":0,"59":0,"60":0,"61":0,"62":0,"63":0,"64":1,"65":1,"66":0,"67":0,"68":0,"69":0,"70":0,"71":0,"72":0,"73":0,"74":0,"75":0,"76":0,"77":0,"78":0,"79":0,"80":0,"81":0,"82":0,"83":0,"84":0,"85":0,"86":1,"87":1,"88":0,"89":0,"90":0,"91":0,"92":0,"93":0,"94":0,"95":0,"96":0,"97":0,"98":0,"99":0,"100":0,"101":0,"102":0,"103":0,"104":0,"105":0,"106":0,"107":0,"108":1},"f":{"0":0,"1":0,"2":0,"3":0,"4":0,"5":0,"6":0,"7":0,"8":0,"9":0,"10":0,"11":0,"12":0,"13":0,"14":0,"15":0,"16":0,"17":0,"18":0,"19":0},"b":{"0":[0],"1":[0],"2":[0,0],"3":[0,0],"4":[0,0],"5":[0,0],"6":[0,0],"7":[0,0],"8":[0,0],"9":[0,0],"10":[0,0],"11":[0],"12":[0,0],"13":[0],"14":[0,0],"15":[0,0],"16":[0,0],"17":[0,0],"18":[0,0],"19":[0,0],"20":[0],"21":[0,0],"22":[0,0],"23":[0,0],"24":[0,0],"25":[0,0],"26":[0,0],"27":[0],"28":[0,0],"29":[0,0],"30":[0,0],"31":[0,0],"32":[0,0],"33":[0,0],"34":[0],"35":[0,0]}}
,"/home/charles/Desktop/Nodejs/E-wallet/src/services/transactions.service.ts": {"path":"/home/charles/Desktop/Nodejs/E-wallet/src/services/transactions.service.ts","statementMap":{"0":{"start":{"line":1,"column":0},"end":{"line":1,"column":46}},"1":{"start":{"line":2,"column":15},"end":{"line":2,"column":33}},"2":{"start":{"line":3,"column":0},"end":{"line":3,"column":27}},"3":{"start":{"line":5,"column":12},"end":{"line":5,"column":84}},"4":{"start":{"line":8,"column":29},"end":{"line":48,"column":null}},"5":{"start":{"line":8,"column":102},"end":{"line":48,"column":null}},"6":{"start":{"line":9,"column":18},"end":{"line":11,"column":null}},"7":{"start":{"line":9,"column":8},"end":{"line":11,"column":null}},"8":{"start":{"line":13,"column":2},"end":{"line":18,"column":null}},"9":{"start":{"line":14,"column":4},"end":{"line":17,"column":6}},"10":{"start":{"line":20,"column":2},"end":{"line":29,"column":null}},"11":{"start":{"line":31,"column":2},"end":{"line":43,"column":null}},"12":{"start":{"line":44,"column":2},"end":{"line":47,"column":4}},"13":{"start":{"line":8,"column":13},"end":{"line":8,"column":29}},"14":{"start":{"line":50,"column":28},"end":{"line":92,"column":null}},"15":{"start":{"line":50,"column":101},"end":{"line":92,"column":null}},"16":{"start":{"line":51,"column":18},"end":{"line":53,"column":null}},"17":{"start":{"line":51,"column":8},"end":{"line":53,"column":null}},"18":{"start":{"line":55,"column":2},"end":{"line":60,"column":null}},"19":{"start":{"line":56,"column":4},"end":{"line":59,"column":6}},"20":{"start":{"line":62,"column":2},"end":{"line":67,"column":null}},"21":{"start":{"line":63,"column":4},"end":{"line":66,"column":null}},"22":{"start":{"line":69,"column":2},"end":{"line":78,"column":null}},"23":{"start":{"line":79,"column":2},"end":{"line":91,"column":null}},"24":{"start":{"line":50,"column":13},"end":{"line":50,"column":28}}},"fnMap":{"0":{"name":"(anonymous_14)","decl":{"start":{"line":8,"column":29},"end":{"line":8,"column":36}},"loc":{"start":{"line":8,"column":102},"end":{"line":48,"column":null}}},"1":{"name":"(anonymous_15)","decl":{"start":{"line":8,"column":102},"end":{"line":8,"column":null}},"loc":{"start":{"line":8,"column":102},"end":{"line":48,"column":null}}},"2":{"name":"(anonymous_17)","decl":{"start":{"line":50,"column":28},"end":{"line":50,"column":35}},"loc":{"start":{"line":50,"column":101},"end":{"line":92,"column":null}}},"3":{"name":"(anonymous_18)","decl":{"start":{"line":50,"column":101},"end":{"line":50,"column":null}},"loc":{"start":{"line":50,"column":101},"end":{"line":92,"column":null}}}},"branchMap":{"0":{"loc":{"start":{"line":9,"column":18},"end":{"line":11,"column":null}},"type":"switch","locations":[{"start":{"line":9,"column":18},"end":{"line":11,"column":null}}]},"1":{"loc":{"start":{"line":13,"column":2},"end":{"line":18,"column":null}},"type":"if","locations":[{"start":{"line":13,"column":2},"end":{"line":18,"column":null}},{"start":{"line":13,"column":2},"end":{"line":18,"column":null}}]},"2":{"loc":{"start":{"line":51,"column":18},"end":{"line":53,"column":null}},"type":"switch","locations":[{"start":{"line":51,"column":18},"end":{"line":53,"column":null}}]},"3":{"loc":{"start":{"line":55,"column":2},"end":{"line":60,"column":null}},"type":"if","locations":[{"start":{"line":55,"column":2},"end":{"line":60,"column":null}},{"start":{"line":55,"column":2},"end":{"line":60,"column":null}}]},"4":{"loc":{"start":{"line":62,"column":2},"end":{"line":67,"column":null}},"type":"if","locations":[{"start":{"line":62,"column":2},"end":{"line":67,"column":null}},{"start":{"line":62,"column":2},"end":{"line":67,"column":null}}]}},"s":{"0":1,"1":1,"2":1,"3":1,"4":1,"5":0,"6":0,"7":0,"8":0,"9":0,"10":0,"11":0,"12":0,"13":1,"14":1,"15":0,"16":0,"17":0,"18":0,"19":0,"20":0,"21":0,"22":0,"23":0,"24":1},"f":{"0":0,"1":0,"2":0,"3":0},"b":{"0":[0],"1":[0,0],"2":[0],"3":[0,0],"4":[0,0]}}
,"/home/charles/Desktop/Nodejs/E-wallet/src/services/user.service.ts": {"path":"/home/charles/Desktop/Nodejs/E-wallet/src/services/user.service.ts","statementMap":{"0":{"start":{"line":1,"column":0},"end":{"line":1,"column":46}},"1":{"start":{"line":3,"column":15},"end":{"line":3,"column":33}},"2":{"start":{"line":5,"column":26},"end":{"line":21,"column":2}},"3":{"start":{"line":5,"column":103},"end":{"line":21,"column":2}},"4":{"start":{"line":6,"column":15},"end":{"line":13,"column":null}},"5":{"start":{"line":6,"column":8},"end":{"line":13,"column":null}},"6":{"start":{"line":14,"column":2},"end":{"line":19,"column":null}},"7":{"start":{"line":20,"column":2},"end":{"line":20,"column":null}},"8":{"start":{"line":5,"column":13},"end":{"line":5,"column":26}},"9":{"start":{"line":23,"column":24},"end":{"line":29,"column":2}},"10":{"start":{"line":23,"column":44},"end":{"line":29,"column":2}},"11":{"start":{"line":24,"column":9},"end":{"line":28,"column":null}},"12":{"start":{"line":24,"column":2},"end":{"line":28,"column":null}},"13":{"start":{"line":23,"column":13},"end":{"line":23,"column":24}}},"fnMap":{"0":{"name":"(anonymous_13)","decl":{"start":{"line":5,"column":26},"end":{"line":5,"column":33}},"loc":{"start":{"line":5,"column":103},"end":{"line":21,"column":2}}},"1":{"name":"(anonymous_14)","decl":{"start":{"line":5,"column":103},"end":{"line":5,"column":null}},"loc":{"start":{"line":5,"column":103},"end":{"line":21,"column":2}}},"2":{"name":"(anonymous_16)","decl":{"start":{"line":23,"column":24},"end":{"line":23,"column":31}},"loc":{"start":{"line":23,"column":44},"end":{"line":29,"column":2}}},"3":{"name":"(anonymous_17)","decl":{"start":{"line":23,"column":44},"end":{"line":23,"column":null}},"loc":{"start":{"line":23,"column":44},"end":{"line":29,"column":2}}}},"branchMap":{"0":{"loc":{"start":{"line":6,"column":15},"end":{"line":13,"column":null}},"type":"switch","locations":[{"start":{"line":6,"column":15},"end":{"line":13,"column":null}}]},"1":{"loc":{"start":{"line":24,"column":9},"end":{"line":28,"column":null}},"type":"switch","locations":[{"start":{"line":24,"column":9},"end":{"line":28,"column":null}},{"start":{"line":24,"column":2},"end":{"line":28,"column":null}}]}},"s":{"0":1,"1":1,"2":1,"3":0,"4":0,"5":0,"6":0,"7":0,"8":1,"9":1,"10":1,"11":1,"12":1,"13":1},"f":{"0":0,"1":0,"2":1,"3":1},"b":{"0":[0],"1":[1,1]}}
,"/home/charles/Desktop/Nodejs/E-wallet/src/utils/logger.ts": {"path":"/home/charles/Desktop/Nodejs/E-wallet/src/utils/logger.ts","statementMap":{"0":{"start":{"line":1,"column":0},"end":{"line":1,"column":30}},"1":{"start":{"line":3,"column":15},"end":{"line":15,"column":2}},"2":{"start":{"line":17,"column":0},"end":{"line":17,"column":null}},"3":{"start":{"line":19,"column":0},"end":{"line":19,"column":22}}},"fnMap":{},"branchMap":{},"s":{"0":1,"1":1,"2":1,"3":1},"f":{},"b":{}}
}
