TN:
SF:src/app.ts
FN:25,(anonymous_1)
FNF:1
FNH:0
FNDA:0,(anonymous_1)
DA:1,1
DA:2,1
DA:3,1
DA:5,1
DA:6,1
DA:7,1
DA:9,1
DA:11,1
DA:12,1
DA:13,1
DA:16,1
DA:17,1
DA:18,1
DA:20,1
DA:21,1
DA:22,1
DA:25,1
DA:26,0
DA:32,1
LF:19
LH:18
BRDA:16,0,0,1
BRDA:16,0,1,1
BRF:2
BRH:2
end_of_record
TN:
SF:src/controllers/card.controller.ts
FN:27,(anonymous_16)
FN:27,(anonymous_17)
FN:54,(anonymous_19)
FN:54,(anonymous_20)
FN:105,(anonymous_22)
FN:105,(anonymous_23)
FN:125,(anonymous_25)
FN:125,(anonymous_26)
FN:156,(anonymous_28)
FN:156,(anonymous_29)
FN:176,(anonymous_31)
FN:176,(anonymous_32)
FN:205,(anonymous_34)
FN:205,(anonymous_35)
FN:225,(anonymous_37)
FN:225,(anonymous_38)
FNF:16
FNH:0
FNDA:0,(anonymous_16)
FNDA:0,(anonymous_17)
FNDA:0,(anonymous_19)
FNDA:0,(anonymous_20)
FNDA:0,(anonymous_22)
FNDA:0,(anonymous_23)
FNDA:0,(anonymous_25)
FNDA:0,(anonymous_26)
FNDA:0,(anonymous_28)
FNDA:0,(anonymous_29)
FNDA:0,(anonymous_31)
FNDA:0,(anonymous_32)
FNDA:0,(anonymous_34)
FNDA:0,(anonymous_35)
FNDA:0,(anonymous_37)
FNDA:0,(anonymous_38)
DA:1,1
DA:4,1
DA:5,1
DA:7,1
DA:8,1
DA:18,1
DA:27,1
DA:28,0
DA:39,0
DA:44,0
DA:45,0
DA:54,0
DA:55,0
DA:57,0
DA:58,0
DA:65,0
DA:66,0
DA:74,0
DA:75,0
DA:83,0
DA:87,0
DA:88,0
DA:90,0
DA:105,1
DA:106,0
DA:111,0
DA:115,0
DA:116,0
DA:125,0
DA:126,0
DA:127,0
DA:128,0
DA:134,0
DA:135,0
DA:144,0
DA:145,0
DA:156,1
DA:157,0
DA:162,0
DA:166,0
DA:167,0
DA:176,0
DA:177,0
DA:178,0
DA:179,0
DA:185,0
DA:186,0
DA:195,0
DA:196,0
DA:205,1
DA:206,0
DA:211,0
DA:215,0
DA:216,0
DA:225,0
DA:226,0
DA:227,0
DA:228,0
DA:237,0
DA:238,0
LF:60
LH:10
BRDA:44,0,0,0
BRDA:44,0,1,0
BRDA:55,1,0,0
BRDA:57,2,0,0
BRDA:57,2,1,0
BRDA:65,3,0,0
BRDA:65,3,1,0
BRDA:74,4,0,0
BRDA:74,4,1,0
BRDA:115,5,0,0
BRDA:115,5,1,0
BRDA:126,6,0,0
BRDA:127,7,0,0
BRDA:127,7,1,0
BRDA:127,8,0,0
BRDA:127,8,1,0
BRDA:127,9,0,0
BRDA:127,9,1,0
BRDA:134,10,0,0
BRDA:134,10,1,0
BRDA:134,11,0,0
BRDA:134,11,1,0
BRDA:134,12,0,0
BRDA:134,12,1,0
BRDA:166,13,0,0
BRDA:166,13,1,0
BRDA:177,14,0,0
BRDA:178,15,0,0
BRDA:178,15,1,0
BRDA:178,16,0,0
BRDA:178,16,1,0
BRDA:178,17,0,0
BRDA:178,17,1,0
BRDA:185,18,0,0
BRDA:185,18,1,0
BRDA:185,19,0,0
BRDA:185,19,1,0
BRDA:185,20,0,0
BRDA:185,20,1,0
BRDA:215,21,0,0
BRDA:215,21,1,0
BRDA:226,22,0,0
BRDA:227,23,0,0
BRDA:227,23,1,0
BRDA:227,24,0,0
BRDA:227,24,1,0
BRDA:227,25,0,0
BRDA:227,25,1,0
BRF:48
BRH:0
end_of_record
TN:
SF:src/controllers/p2p.controller.ts
FN:22,(anonymous_16)
FN:22,(anonymous_17)
FN:51,(anonymous_19)
FN:51,(anonymous_20)
FNF:4
FNH:0
FNDA:0,(anonymous_16)
FNDA:0,(anonymous_17)
FNDA:0,(anonymous_19)
FNDA:0,(anonymous_20)
DA:1,1
DA:2,1
DA:3,1
DA:4,1
DA:5,1
DA:6,1
DA:10,1
DA:22,1
DA:23,0
DA:29,0
DA:34,0
DA:35,0
DA:41,0
DA:42,0
DA:51,0
DA:53,0
DA:54,0
DA:56,0
DA:57,0
DA:67,0
DA:70,0
DA:72,0
DA:75,0
DA:76,0
DA:82,0
DA:86,0
DA:87,0
DA:89,0
LF:28
LH:8
BRDA:34,0,0,0
BRDA:34,0,1,0
BRDA:41,1,0,0
BRDA:41,1,1,0
BRDA:53,2,0,0
BRDA:53,2,1,0
BRDA:56,3,0,0
BRDA:56,3,1,0
BRDA:67,4,0,0
BRDA:67,4,1,0
BRDA:67,5,0,0
BRDA:67,5,1,0
BRDA:67,6,0,0
BRDA:67,6,1,0
BRDA:67,7,0,0
BRDA:67,7,1,0
BRDA:70,8,0,0
BRDA:70,8,1,0
BRDA:70,9,0,0
BRDA:70,9,1,0
BRDA:70,10,0,0
BRDA:70,10,1,0
BRDA:75,11,0,0
BRDA:75,11,1,0
BRDA:75,12,0,0
BRDA:75,12,1,0
BRF:26
BRH:0
end_of_record
TN:
SF:src/controllers/user.controller.ts
FN:20,(anonymous_14)
FN:25,(anonymous_15)
FN:73,(anonymous_17)
FN:73,(anonymous_18)
FNF:4
FNH:2
FNDA:0,(anonymous_14)
FNDA:0,(anonymous_15)
FNDA:1,(anonymous_17)
FNDA:1,(anonymous_18)
DA:1,1
DA:2,1
DA:3,1
DA:4,1
DA:7,1
DA:9,1
DA:20,1
DA:24,0
DA:26,0
DA:33,0
DA:39,0
DA:40,0
DA:48,0
DA:49,0
DA:50,0
DA:56,0
DA:58,0
DA:59,0
DA:73,1
DA:74,1
DA:79,1
DA:83,1
DA:84,0
DA:91,1
DA:92,1
DA:93,0
DA:95,1
DA:96,1
DA:97,0
DA:100,1
LF:30
LH:16
BRDA:39,0,0,0
BRDA:39,0,1,0
BRDA:49,1,0,0
BRDA:49,1,1,0
BRDA:83,2,0,0
BRDA:83,2,1,1
BRDA:92,3,0,0
BRDA:92,3,1,1
BRDA:96,4,0,0
BRDA:96,4,1,1
BRF:10
BRH:3
end_of_record
TN:
SF:src/helpers/bcrypt.ts
FN:4,(anonymous_14)
FN:4,(anonymous_15)
FN:8,(anonymous_17)
FN:8,(anonymous_18)
FNF:4
FNH:2
FNDA:0,(anonymous_14)
FNDA:0,(anonymous_15)
FNDA:1,(anonymous_17)
FNDA:1,(anonymous_18)
DA:1,1
DA:4,1
DA:5,0
DA:8,1
DA:9,1
LF:5
LH:4
BRDA:5,0,0,0
BRDA:5,0,1,0
BRDA:9,1,0,1
BRDA:9,1,1,1
BRF:4
BRH:2
end_of_record
TN:
SF:src/helpers/jwt.ts
FN:3,(anonymous_1)
FN:7,(anonymous_2)
FNF:2
FNH:1
FNDA:1,(anonymous_1)
FNDA:0,(anonymous_2)
DA:1,1
DA:3,1
DA:4,1
DA:7,1
DA:8,0
LF:5
LH:4
BRF:0
BRH:0
end_of_record
TN:
SF:src/middleware/protect.middleware.ts
FN:6,(anonymous_13)
FN:6,(anonymous_14)
FNF:2
FNH:2
FNDA:1,(anonymous_13)
FNDA:1,(anonymous_14)
DA:1,1
DA:6,1
DA:7,1
DA:9,1
DA:14,0
DA:15,0
DA:16,0
DA:19,0
DA:21,0
DA:23,0
DA:24,0
LF:11
LH:4
BRDA:9,0,0,0
BRDA:9,0,1,1
BRDA:10,1,0,1
BRDA:10,1,1,0
BRF:4
BRH:2
end_of_record
TN:
SF:src/requestHandler/card.handler.ts
FN:6,(anonymous_14)
FN:6,(anonymous_15)
FN:27,(anonymous_17)
FN:27,(anonymous_18)
FN:45,(anonymous_20)
FN:45,(anonymous_21)
FN:63,(anonymous_23)
FN:63,(anonymous_24)
FNF:8
FNH:0
FNDA:0,(anonymous_14)
FNDA:0,(anonymous_15)
FNDA:0,(anonymous_17)
FNDA:0,(anonymous_18)
FNDA:0,(anonymous_20)
FNDA:0,(anonymous_21)
FNDA:0,(anonymous_23)
FNDA:0,(anonymous_24)
DA:2,1
DA:3,1
DA:6,1
DA:8,0
DA:10,0
DA:13,0
DA:14,0
DA:16,0
DA:18,0
DA:19,0
DA:20,0
DA:27,1
DA:29,0
DA:31,0
DA:32,0
DA:33,0
DA:35,0
DA:37,0
DA:38,0
DA:45,1
DA:47,0
DA:49,0
DA:50,0
DA:51,0
DA:53,0
DA:55,0
DA:56,0
DA:63,1
DA:65,0
DA:67,0
DA:68,0
DA:69,0
DA:71,0
DA:73,0
DA:74,0
LF:35
LH:6
BRDA:13,0,0,0
BRDA:13,0,1,0
BRDA:32,1,0,0
BRDA:32,1,1,0
BRDA:50,2,0,0
BRDA:50,2,1,0
BRDA:68,3,0,0
BRDA:68,3,1,0
BRF:8
BRH:0
end_of_record
TN:
SF:src/requestHandler/p2p.handler.ts
FN:5,(anonymous_14)
FN:5,(anonymous_15)
FNF:2
FNH:0
FNDA:0,(anonymous_14)
FNDA:0,(anonymous_15)
DA:2,1
DA:3,1
DA:5,1
DA:7,0
DA:9,0
DA:12,0
DA:13,0
DA:16,0
DA:21,0
DA:23,0
LF:10
LH:3
BRDA:12,0,0,0
BRDA:12,0,1,0
BRF:2
BRH:0
end_of_record
TN:
SF:src/requestHandler/user.handler.ts
FN:6,(anonymous_14)
FN:6,(anonymous_15)
FN:23,(anonymous_17)
FN:23,(anonymous_18)
FNF:4
FNH:2
FNDA:0,(anonymous_14)
FNDA:0,(anonymous_15)
FNDA:1,(anonymous_17)
FNDA:1,(anonymous_18)
DA:2,1
DA:3,1
DA:6,1
DA:8,0
DA:9,0
DA:10,0
DA:11,0
DA:13,0
DA:15,0
DA:16,0
DA:23,1
DA:25,1
DA:26,1
DA:27,1
DA:28,0
DA:30,1
DA:32,0
DA:33,0
LF:18
LH:8
BRDA:10,0,0,0
BRDA:10,0,1,0
BRDA:27,1,0,0
BRDA:27,1,1,1
BRF:4
BRH:1
end_of_record
TN:
SF:src/routes/card.routes.ts
FNF:0
FNH:0
DA:1,1
DA:2,1
DA:3,1
DA:5,1
DA:7,1
DA:8,1
DA:9,1
DA:10,1
DA:13,1
LF:9
LH:9
BRF:0
BRH:0
end_of_record
TN:
SF:src/routes/p2p.routes.ts
FNF:0
FNH:0
DA:1,1
DA:2,1
DA:3,1
DA:5,1
DA:7,1
DA:10,1
LF:6
LH:6
BRF:0
BRH:0
end_of_record
TN:
SF:src/routes/user.routes.ts
FNF:0
FNH:0
DA:1,1
DA:2,1
DA:5,1
DA:7,1
DA:8,1
DA:11,1
LF:6
LH:6
BRF:0
BRH:0
end_of_record
TN:
SF:src/services/card.service.ts
FN:14,(anonymous_14)
FN:20,(anonymous_15)
FN:23,(anonymous_17)
FN:23,(anonymous_18)
FN:42,(anonymous_20)
FN:42,(anonymous_21)
FN:64,(anonymous_23)
FN:64,(anonymous_24)
FN:111,(anonymous_26)
FN:111,(anonymous_27)
FN:142,(anonymous_29)
FN:142,(anonymous_30)
FN:178,(anonymous_32)
FN:178,(anonymous_33)
FN:209,(anonymous_35)
FN:209,(anonymous_36)
FN:246,(anonymous_38)
FN:246,(anonymous_39)
FN:277,(anonymous_41)
FN:277,(anonymous_42)
FNF:20
FNH:0
FNDA:0,(anonymous_14)
FNDA:0,(anonymous_15)
FNDA:0,(anonymous_17)
FNDA:0,(anonymous_18)
FNDA:0,(anonymous_20)
FNDA:0,(anonymous_21)
FNDA:0,(anonymous_23)
FNDA:0,(anonymous_24)
FNDA:0,(anonymous_26)
FNDA:0,(anonymous_27)
FNDA:0,(anonymous_29)
FNDA:0,(anonymous_30)
FNDA:0,(anonymous_32)
FNDA:0,(anonymous_33)
FNDA:0,(anonymous_35)
FNDA:0,(anonymous_36)
FNDA:0,(anonymous_38)
FNDA:0,(anonymous_39)
FNDA:0,(anonymous_41)
FNDA:0,(anonymous_42)
DA:1,1
DA:2,1
DA:3,1
DA:4,1
DA:5,1
DA:9,1
DA:10,1
DA:14,1
DA:20,0
DA:23,0
DA:24,0
DA:25,0
DA:26,0
DA:28,0
DA:29,0
DA:31,0
DA:32,0
DA:37,0
DA:38,0
DA:42,1
DA:44,0
DA:62,0
DA:64,0
DA:67,0
DA:75,0
DA:76,0
DA:77,0
DA:78,0
DA:87,0
DA:95,0
DA:101,0
DA:102,0
DA:104,0
DA:111,1
DA:113,0
DA:116,0
DA:117,0
DA:122,0
DA:123,0
DA:128,0
DA:141,0
DA:142,0
DA:143,0
DA:151,0
DA:152,0
DA:153,0
DA:162,0
DA:170,0
DA:171,0
DA:178,1
DA:180,0
DA:183,0
DA:184,0
DA:189,0
DA:190,0
DA:195,0
DA:208,0
DA:209,0
DA:210,0
DA:218,0
DA:219,0
DA:220,0
DA:229,0
DA:237,0
DA:238,0
DA:246,1
DA:248,0
DA:251,0
DA:252,0
DA:257,0
DA:258,0
DA:263,0
DA:276,0
DA:277,0
DA:278,0
DA:286,0
DA:287,0
DA:288,0
DA:297,0
DA:305,0
DA:306,0
LF:81
LH:12
BRDA:23,0,0,0
BRDA:24,1,0,0
BRDA:25,2,0,0
BRDA:25,2,1,0
BRDA:25,3,0,0
BRDA:25,3,1,0
BRDA:25,4,0,0
BRDA:25,4,1,0
BRDA:28,5,0,0
BRDA:28,5,1,0
BRDA:28,6,0,0
BRDA:28,6,1,0
BRDA:28,7,0,0
BRDA:28,7,1,0
BRDA:31,8,0,0
BRDA:31,8,1,0
BRDA:31,9,0,0
BRDA:31,9,1,0
BRDA:31,10,0,0
BRDA:31,10,1,0
BRDA:95,11,0,0
BRDA:62,12,0,0
BRDA:62,12,1,0
BRDA:67,13,0,0
BRDA:77,14,0,0
BRDA:77,14,1,0
BRDA:116,15,0,0
BRDA:116,15,1,0
BRDA:122,16,0,0
BRDA:122,16,1,0
BRDA:122,17,0,0
BRDA:122,17,1,0
BRDA:122,18,0,0
BRDA:122,18,1,0
BRDA:141,19,0,0
BRDA:141,19,1,0
BRDA:143,20,0,0
BRDA:152,21,0,0
BRDA:152,21,1,0
BRDA:183,22,0,0
BRDA:183,22,1,0
BRDA:189,23,0,0
BRDA:189,23,1,0
BRDA:189,24,0,0
BRDA:189,24,1,0
BRDA:189,25,0,0
BRDA:189,25,1,0
BRDA:208,26,0,0
BRDA:208,26,1,0
BRDA:210,27,0,0
BRDA:219,28,0,0
BRDA:219,28,1,0
BRDA:251,29,0,0
BRDA:251,29,1,0
BRDA:257,30,0,0
BRDA:257,30,1,0
BRDA:257,31,0,0
BRDA:257,31,1,0
BRDA:257,32,0,0
BRDA:257,32,1,0
BRDA:276,33,0,0
BRDA:276,33,1,0
BRDA:278,34,0,0
BRDA:287,35,0,0
BRDA:287,35,1,0
BRF:65
BRH:0
end_of_record
TN:
SF:src/services/transactions.service.ts
FN:8,(anonymous_14)
FN:8,(anonymous_15)
FN:50,(anonymous_17)
FN:50,(anonymous_18)
FNF:4
FNH:0
FNDA:0,(anonymous_14)
FNDA:0,(anonymous_15)
FNDA:0,(anonymous_17)
FNDA:0,(anonymous_18)
DA:1,1
DA:2,1
DA:3,1
DA:5,1
DA:8,1
DA:9,0
DA:13,0
DA:14,0
DA:20,0
DA:31,0
DA:44,0
DA:50,1
DA:51,0
DA:55,0
DA:56,0
DA:62,0
DA:63,0
DA:69,0
DA:79,0
LF:19
LH:6
BRDA:9,0,0,0
BRDA:13,1,0,0
BRDA:13,1,1,0
BRDA:51,2,0,0
BRDA:55,3,0,0
BRDA:55,3,1,0
BRDA:62,4,0,0
BRDA:62,4,1,0
BRF:8
BRH:0
end_of_record
TN:
SF:src/services/user.service.ts
FN:5,(anonymous_13)
FN:5,(anonymous_14)
FN:23,(anonymous_16)
FN:23,(anonymous_17)
FNF:4
FNH:2
FNDA:0,(anonymous_13)
FNDA:0,(anonymous_14)
FNDA:1,(anonymous_16)
FNDA:1,(anonymous_17)
DA:1,1
DA:3,1
DA:5,1
DA:6,0
DA:14,0
DA:20,0
DA:23,1
DA:24,1
LF:8
LH:5
BRDA:6,0,0,0
BRDA:24,1,0,1
BRDA:24,1,1,1
BRF:3
BRH:2
end_of_record
TN:
SF:src/utils/logger.ts
FNF:0
FNH:0
DA:1,1
DA:3,1
DA:17,1
DA:19,1
LF:4
LH:4
BRF:0
BRH:0
end_of_record
